[debug] [2024-07-23T07:31:18.096Z] ----------------------------------------------------------------------
[debug] [2024-07-23T07:31:18.102Z] Command:       C:\Program Files\nodejs\node.exe C:\Users\Haile\AppData\Roaming\npm\node_modules\firebase-tools\lib\bin\firebase.js emulators:start --only functions
[debug] [2024-07-23T07:31:18.103Z] CLI Version:   13.13.3
[debug] [2024-07-23T07:31:18.103Z] Platform:      win32
[debug] [2024-07-23T07:31:18.104Z] Node Version:  v20.14.0
[debug] [2024-07-23T07:31:18.104Z] Time:          Tue Jul 23 2024 00:31:18 GMT-0700 (Pacific Daylight Time)
[debug] [2024-07-23T07:31:18.104Z] ----------------------------------------------------------------------
[debug] 
[debug] [2024-07-23T07:31:18.317Z] > command requires scopes: ["email","openid","https://www.googleapis.com/auth/cloudplatformprojects.readonly","https://www.googleapis.com/auth/firebase","https://www.googleapis.com/auth/cloud-platform"]
[debug] [2024-07-23T07:31:18.317Z] > authorizing via signed-in user (mark.hmh06@gmail.com)
[info] i  emulators: Starting emulators: functions {"metadata":{"emulator":{"name":"hub"},"message":"Starting emulators: functions"}}
[debug] [2024-07-23T07:31:18.328Z] [logging] Logging Emulator only supports listening on one address (127.0.0.1). Not listening on ::1
[debug] [2024-07-23T07:31:18.328Z] assigned listening specs for emulators {"user":{"hub":[{"address":"127.0.0.1","family":"IPv4","port":4400},{"address":"::1","family":"IPv6","port":4400}],"ui":[{"address":"127.0.0.1","family":"IPv4","port":4000},{"address":"::1","family":"IPv6","port":4000}],"logging":[{"address":"127.0.0.1","family":"IPv4","port":4500}]},"metadata":{"message":"assigned listening specs for emulators"}}
[debug] [2024-07-23T07:31:18.336Z] [hub] writing locator at C:\Users\Haile\AppData\Local\Temp\hub-project-2-ddd77.json
[debug] [2024-07-23T07:31:18.372Z] [functions] Functions Emulator only supports listening on one address (127.0.0.1). Not listening on ::1
[debug] [2024-07-23T07:31:18.372Z] [eventarc] Eventarc Emulator only supports listening on one address (127.0.0.1). Not listening on ::1
[debug] [2024-07-23T07:31:18.372Z] late-assigned ports for functions and eventarc emulators {"user":{"hub":[{"address":"127.0.0.1","family":"IPv4","port":4400},{"address":"::1","family":"IPv6","port":4400}],"ui":[{"address":"127.0.0.1","family":"IPv4","port":4000},{"address":"::1","family":"IPv6","port":4000}],"logging":[{"address":"127.0.0.1","family":"IPv4","port":4500}],"functions":[{"address":"127.0.0.1","family":"IPv4","port":5001}],"eventarc":[{"address":"127.0.0.1","family":"IPv4","port":9299}]},"metadata":{"message":"late-assigned ports for functions and eventarc emulators"}}
[warn] !  functions: The following emulators are not running, calls to these services from the Functions emulator will affect production: auth, firestore, database, hosting, pubsub, storage, dataconnect {"metadata":{"emulator":{"name":"functions"},"message":"The following emulators are not running, calls to these services from the Functions emulator will affect production: \u001b[1mauth, firestore, database, hosting, pubsub, storage, dataconnect\u001b[22m"}}
[debug] [2024-07-23T07:31:18.376Z] defaultcredentials: writing to file C:\Users\Haile\AppData\Roaming\firebase\mark_hmh06_gmail.com_application_default_credentials.json
[debug] [2024-07-23T07:31:18.379Z] Setting GAC to C:\Users\Haile\AppData\Roaming\firebase\mark_hmh06_gmail.com_application_default_credentials.json {"metadata":{"emulator":{"name":"functions"},"message":"Setting GAC to C:\\Users\\Haile\\AppData\\Roaming\\firebase\\mark_hmh06_gmail.com_application_default_credentials.json"}}
[debug] [2024-07-23T07:31:18.381Z] >>> [apiv2][query] GET https://firebase.googleapis.com/v1beta1/projects/project-2-ddd77/adminSdkConfig [none]
[debug] [2024-07-23T07:31:19.086Z] <<< [apiv2][status] GET https://firebase.googleapis.com/v1beta1/projects/project-2-ddd77/adminSdkConfig 200
[debug] [2024-07-23T07:31:19.086Z] <<< [apiv2][body] GET https://firebase.googleapis.com/v1beta1/projects/project-2-ddd77/adminSdkConfig {"projectId":"project-2-ddd77","storageBucket":"project-2-ddd77.appspot.com"}
[debug] [2024-07-23T07:31:19.105Z] Ignoring unsupported arg: auto_download {"metadata":{"emulator":{"name":"ui"},"message":"Ignoring unsupported arg: auto_download"}}
[debug] [2024-07-23T07:31:19.106Z] Ignoring unsupported arg: port {"metadata":{"emulator":{"name":"ui"},"message":"Ignoring unsupported arg: port"}}
[debug] [2024-07-23T07:31:19.106Z] Starting Emulator UI with command {"binary":"node","args":["C:\\Users\\Haile\\.cache\\firebase\\emulators\\ui-v1.12.1\\server\\server.mjs"],"optionalArgs":[],"joinArgs":false,"shell":false} {"metadata":{"emulator":{"name":"ui"},"message":"Starting Emulator UI with command {\"binary\":\"node\",\"args\":[\"C:\\\\Users\\\\Haile\\\\.cache\\\\firebase\\\\emulators\\\\ui-v1.12.1\\\\server\\\\server.mjs\"],\"optionalArgs\":[],\"joinArgs\":false,\"shell\":false}"}}
[info] i  ui: Emulator UI logging to ui-debug.log {"metadata":{"emulator":{"name":"ui"},"message":"Emulator UI logging to \u001b[1mui-debug.log\u001b[22m"}}
[debug] [2024-07-23T07:31:19.368Z] Web / API server started at 127.0.0.1:4000
 {"metadata":{"emulator":{"name":"ui"},"message":"Web / API server started at 127.0.0.1:4000\n"}}
[debug] [2024-07-23T07:31:19.369Z] Web / API server started at ::1:4000
 {"metadata":{"emulator":{"name":"ui"},"message":"Web / API server started at ::1:4000\n"}}
[info] i  functions: Watching "C:\Users\Haile\Desktop\Evangadi\Phase-4\Project-2 amazon\-Building-Amazon-Clone-2024-\amazon-clone-2024\functions" for Cloud Functions... {"metadata":{"emulator":{"name":"functions"},"message":"Watching \"C:\\Users\\Haile\\Desktop\\Evangadi\\Phase-4\\Project-2 amazon\\-Building-Amazon-Clone-2024-\\amazon-clone-2024\\functions\" for Cloud Functions..."}}
[debug] [2024-07-23T07:31:19.556Z] Validating nodejs source
[debug] [2024-07-23T07:31:21.233Z] > [functions] package.json contents: {
  "name": "functions",
  "description": "Cloud Functions for Firebase",
  "scripts": {
    "serve": "firebase emulators:start --only functions",
    "shell": "firebase functions:shell",
    "start": "npm run shell",
    "deploy": "firebase deploy --only functions",
    "logs": "firebase functions:log"
  },
  "engines": {
    "node": "18"
  },
  "main": "index.js",
  "dependencies": {
    "cors": "^2.8.5",
    "dotenv": "^16.4.5",
    "express": "^4.19.2",
    "firebase-admin": "^12.1.0",
    "firebase-functions": "^5.0.0",
    "stripe": "^16.2.0"
  },
  "devDependencies": {
    "firebase-functions-test": "^3.1.0"
  },
  "private": true
}
[debug] [2024-07-23T07:31:21.234Z] Building nodejs source
[debug] [2024-07-23T07:31:21.234Z] Failed to find version of module node: reached end of search path C:\Users\Haile\Desktop\Evangadi\Phase-4\Project-2 amazon\-Building-Amazon-Clone-2024-\amazon-clone-2024\functions\node_modules
[warn] !  functions: Your requested "node" version "18" doesn't match your global version "20". Using node@20 from host. 
[info] i  functions: Loaded environment variables from .env. 
[debug] [2024-07-23T07:31:21.238Z] Could not find functions.yaml. Must use http discovery
[debug] [2024-07-23T07:31:21.244Z] Found firebase-functions binary at 'C:\Users\Haile\Desktop\Evangadi\Phase-4\Project-2 amazon\-Building-Amazon-Clone-2024-\amazon-clone-2024\functions\node_modules\.bin\firebase-functions'
[info] Serving at port 8341

[debug] [2024-07-23T07:31:21.893Z] Got response from /__/functions.yaml {"endpoints":{"api":{"availableMemoryMb":null,"timeoutSeconds":null,"minInstances":null,"maxInstances":null,"ingressSettings":null,"concurrency":null,"serviceAccountEmail":null,"vpc":null,"platform":"gcfv2","labels":{},"httpsTrigger":{},"entryPoint":"api"}},"specVersion":"v1alpha1","requiredAPIs":[]}
[info] +  functions: Loaded functions definitions from source: api. {"metadata":{"emulator":{"name":"functions"},"message":"Loaded functions definitions from source: api."}}
[info] +  functions[us-central1-api]: http function initialized (http://127.0.0.1:5001/project-2-ddd77/us-central1/api). {"metadata":{"emulator":{"name":"functions"},"message":"\u001b[1mhttp\u001b[22m function initialized (http://127.0.0.1:5001/project-2-ddd77/us-central1/api)."}}
[info] 
┌─────────────────────────────────────────────────────────────┐
│ ✔  All emulators ready! It is now safe to connect your app. │
│ i  View Emulator UI at http://127.0.0.1:4000/               │
└─────────────────────────────────────────────────────────────┘

┌───────────┬────────────────┬─────────────────────────────────┐
│ Emulator  │ Host:Port      │ View in Emulator UI             │
├───────────┼────────────────┼─────────────────────────────────┤
│ Functions │ 127.0.0.1:5001 │ http://127.0.0.1:4000/functions │
└───────────┴────────────────┴─────────────────────────────────┘
  Emulator Hub running at 127.0.0.1:4400
  Other reserved ports: 4500

Issues? Report them at https://github.com/firebase/firebase-tools/issues and attach the *-debug.log files.
 
[debug] [2024-07-23T07:33:54.708Z] [work-queue] {"queuedWork":["/project-2-ddd77/us-central1/api/payment/create-2024-07-23T07:33:54.707Z"],"queueLength":1,"runningWork":[],"workRunningCount":0}
[debug] [2024-07-23T07:33:54.710Z] [work-queue] {"queuedWork":[],"queueLength":0,"runningWork":["/project-2-ddd77/us-central1/api/payment/create-2024-07-23T07:33:54.707Z"],"workRunningCount":1}
[debug] [2024-07-23T07:33:54.711Z] Accepted request POST /project-2-ddd77/us-central1/api/payment/create?total=7829.000000000001 --> us-central1-api
[debug] [2024-07-23T07:33:54.939Z] [functions] Runtime ready! Sending request! {"metadata":{"emulator":{"name":"functions"},"message":"[functions] Runtime ready! Sending request!"}}
[debug] [2024-07-23T07:33:54.940Z] [functions] Got req.url=/project-2-ddd77/us-central1/api/payment/create?total=7829.000000000001, mapping to path=/payment/create?total=7829.000000000001 {"metadata":{"emulator":{"name":"functions"},"message":"[functions] Got req.url=/project-2-ddd77/us-central1/api/payment/create?total=7829.000000000001, mapping to path=/payment/create?total=7829.000000000001"}}
[info] i  functions: Loaded environment variables from .env. 
[debug] [2024-07-23T07:33:55.544Z] [worker-pool] addWorker(us-central1-api) {"metadata":{"emulator":{"name":"functions"},"message":"[worker-pool] addWorker(us-central1-api)"}}
[debug] [2024-07-23T07:33:55.548Z] [worker-pool] Adding worker with key us-central1-api, total=1 {"metadata":{"emulator":{"name":"functions"},"message":"[worker-pool] Adding worker with key us-central1-api, total=1"}}
[error] !!  functions: Failed to handle request for function us-central1-api {"metadata":{"emulator":{"name":"functions"},"message":"Failed to handle request for function us-central1-api"}}
[error] !!  functions: Failed to start functions in C:\Users\Haile\Desktop\Evangadi\Phase-4\Project-2 amazon\-Building-Amazon-Clone-2024-\amazon-clone-2024\functions: FirebaseError: Failed to load function. {"metadata":{"emulator":{"name":"functions"},"message":"Failed to start functions in C:\\Users\\Haile\\Desktop\\Evangadi\\Phase-4\\Project-2 amazon\\-Building-Amazon-Clone-2024-\\amazon-clone-2024\\functions: FirebaseError: Failed to load function."}}
[debug] [2024-07-23T07:34:25.571Z] [work-queue] {"queuedWork":[],"queueLength":0,"runningWork":[],"workRunningCount":0}
[debug] [2024-07-23T07:34:47.601Z] [runtime-status] [13912] Resolved module firebase-admin {"declared":true,"installed":true,"version":"12.2.0","resolution":"C:\\Users\\Haile\\Desktop\\Evangadi\\Phase-4\\Project-2 amazon\\-Building-Amazon-Clone-2024-\\amazon-clone-2024\\functions\\node_modules\\firebase-admin\\lib\\index.js"} {"metadata":{"emulator":{"name":"functions"},"function":{"name":"us-central1-api"},"extension":{},"message":"[runtime-status] [13912] Resolved module firebase-admin {\"declared\":true,\"installed\":true,\"version\":\"12.2.0\",\"resolution\":\"C:\\\\Users\\\\Haile\\\\Desktop\\\\Evangadi\\\\Phase-4\\\\Project-2 amazon\\\\-Building-Amazon-Clone-2024-\\\\amazon-clone-2024\\\\functions\\\\node_modules\\\\firebase-admin\\\\lib\\\\index.js\"}"}}
[debug] [2024-07-23T07:34:47.636Z] [runtime-status] [13912] Resolved module firebase-functions {"declared":true,"installed":true,"version":"5.0.1","resolution":"C:\\Users\\Haile\\Desktop\\Evangadi\\Phase-4\\Project-2 amazon\\-Building-Amazon-Clone-2024-\\amazon-clone-2024\\functions\\node_modules\\firebase-functions\\lib\\v1\\index.js"} {"metadata":{"emulator":{"name":"functions"},"function":{"name":"us-central1-api"},"extension":{},"message":"[runtime-status] [13912] Resolved module firebase-functions {\"declared\":true,\"installed\":true,\"version\":\"5.0.1\",\"resolution\":\"C:\\\\Users\\\\Haile\\\\Desktop\\\\Evangadi\\\\Phase-4\\\\Project-2 amazon\\\\-Building-Amazon-Clone-2024-\\\\amazon-clone-2024\\\\functions\\\\node_modules\\\\firebase-functions\\\\lib\\\\v1\\\\index.js\"}"}}
[debug] [2024-07-23T07:34:47.637Z] [runtime-status] [13912] Outgoing network have been stubbed. [{"name":"http","status":"mocked"},{"name":"http","status":"mocked"},{"name":"https","status":"mocked"},{"name":"https","status":"mocked"},{"name":"net","status":"mocked"}] {"metadata":{"emulator":{"name":"functions"},"function":{"name":"us-central1-api"},"extension":{},"message":"[runtime-status] [13912] Outgoing network have been stubbed. [{\"name\":\"http\",\"status\":\"mocked\"},{\"name\":\"http\",\"status\":\"mocked\"},{\"name\":\"https\",\"status\":\"mocked\"},{\"name\":\"https\",\"status\":\"mocked\"},{\"name\":\"net\",\"status\":\"mocked\"}]"}}
[debug] [2024-07-23T07:34:47.638Z] [runtime-status] [13912] Resolved module firebase-functions {"declared":true,"installed":true,"version":"5.0.1","resolution":"C:\\Users\\Haile\\Desktop\\Evangadi\\Phase-4\\Project-2 amazon\\-Building-Amazon-Clone-2024-\\amazon-clone-2024\\functions\\node_modules\\firebase-functions\\lib\\v1\\index.js"} {"metadata":{"emulator":{"name":"functions"},"function":{"name":"us-central1-api"},"extension":{},"message":"[runtime-status] [13912] Resolved module firebase-functions {\"declared\":true,\"installed\":true,\"version\":\"5.0.1\",\"resolution\":\"C:\\\\Users\\\\Haile\\\\Desktop\\\\Evangadi\\\\Phase-4\\\\Project-2 amazon\\\\-Building-Amazon-Clone-2024-\\\\amazon-clone-2024\\\\functions\\\\node_modules\\\\firebase-functions\\\\lib\\\\v1\\\\index.js\"}"}}
[debug] [2024-07-23T07:35:07.408Z] [runtime-status] [13912] Checked functions.config() {"config":{}} {"metadata":{"emulator":{"name":"functions"},"function":{"name":"us-central1-api"},"extension":{},"message":"[runtime-status] [13912] Checked functions.config() {\"config\":{}}"}}
[debug] [2024-07-23T07:35:07.409Z] [runtime-status] [13912] firebase-functions has been stubbed. {"functionsResolution":{"declared":true,"installed":true,"version":"5.0.1","resolution":"C:\\Users\\Haile\\Desktop\\Evangadi\\Phase-4\\Project-2 amazon\\-Building-Amazon-Clone-2024-\\amazon-clone-2024\\functions\\node_modules\\firebase-functions\\lib\\v1\\index.js"}} {"metadata":{"emulator":{"name":"functions"},"function":{"name":"us-central1-api"},"extension":{},"message":"[runtime-status] [13912] firebase-functions has been stubbed. {\"functionsResolution\":{\"declared\":true,\"installed\":true,\"version\":\"5.0.1\",\"resolution\":\"C:\\\\Users\\\\Haile\\\\Desktop\\\\Evangadi\\\\Phase-4\\\\Project-2 amazon\\\\-Building-Amazon-Clone-2024-\\\\amazon-clone-2024\\\\functions\\\\node_modules\\\\firebase-functions\\\\lib\\\\v1\\\\index.js\"}}"}}
[debug] [2024-07-23T07:35:07.413Z] [runtime-status] [13912] Resolved module firebase-functions {"declared":true,"installed":true,"version":"5.0.1","resolution":"C:\\Users\\Haile\\Desktop\\Evangadi\\Phase-4\\Project-2 amazon\\-Building-Amazon-Clone-2024-\\amazon-clone-2024\\functions\\node_modules\\firebase-functions\\lib\\v1\\index.js"} {"metadata":{"emulator":{"name":"functions"},"function":{"name":"us-central1-api"},"extension":{},"message":"[runtime-status] [13912] Resolved module firebase-functions {\"declared\":true,\"installed\":true,\"version\":\"5.0.1\",\"resolution\":\"C:\\\\Users\\\\Haile\\\\Desktop\\\\Evangadi\\\\Phase-4\\\\Project-2 amazon\\\\-Building-Amazon-Clone-2024-\\\\amazon-clone-2024\\\\functions\\\\node_modules\\\\firebase-functions\\\\lib\\\\v1\\\\index.js\"}"}}
[debug] [2024-07-23T07:35:07.415Z] [runtime-status] [13912] Resolved module firebase-admin {"declared":true,"installed":true,"version":"12.2.0","resolution":"C:\\Users\\Haile\\Desktop\\Evangadi\\Phase-4\\Project-2 amazon\\-Building-Amazon-Clone-2024-\\amazon-clone-2024\\functions\\node_modules\\firebase-admin\\lib\\index.js"} {"metadata":{"emulator":{"name":"functions"},"function":{"name":"us-central1-api"},"extension":{},"message":"[runtime-status] [13912] Resolved module firebase-admin {\"declared\":true,\"installed\":true,\"version\":\"12.2.0\",\"resolution\":\"C:\\\\Users\\\\Haile\\\\Desktop\\\\Evangadi\\\\Phase-4\\\\Project-2 amazon\\\\-Building-Amazon-Clone-2024-\\\\amazon-clone-2024\\\\functions\\\\node_modules\\\\firebase-admin\\\\lib\\\\index.js\"}"}}
[debug] [2024-07-23T07:35:07.474Z] [runtime-status] [13912] Resolved module firebase-functions {"declared":true,"installed":true,"version":"5.0.1","resolution":"C:\\Users\\Haile\\Desktop\\Evangadi\\Phase-4\\Project-2 amazon\\-Building-Amazon-Clone-2024-\\amazon-clone-2024\\functions\\node_modules\\firebase-functions\\lib\\v1\\index.js"} {"metadata":{"emulator":{"name":"functions"},"function":{"name":"us-central1-api"},"extension":{},"message":"[runtime-status] [13912] Resolved module firebase-functions {\"declared\":true,\"installed\":true,\"version\":\"5.0.1\",\"resolution\":\"C:\\\\Users\\\\Haile\\\\Desktop\\\\Evangadi\\\\Phase-4\\\\Project-2 amazon\\\\-Building-Amazon-Clone-2024-\\\\amazon-clone-2024\\\\functions\\\\node_modules\\\\firebase-functions\\\\lib\\\\v1\\\\index.js\"}"}}
[debug] [2024-07-23T07:35:07.475Z] [runtime-status] [13912] firebase-admin has been stubbed. {"adminResolution":{"declared":true,"installed":true,"version":"12.2.0","resolution":"C:\\Users\\Haile\\Desktop\\Evangadi\\Phase-4\\Project-2 amazon\\-Building-Amazon-Clone-2024-\\amazon-clone-2024\\functions\\node_modules\\firebase-admin\\lib\\index.js"}} {"metadata":{"emulator":{"name":"functions"},"function":{"name":"us-central1-api"},"extension":{},"message":"[runtime-status] [13912] firebase-admin has been stubbed. {\"adminResolution\":{\"declared\":true,\"installed\":true,\"version\":\"12.2.0\",\"resolution\":\"C:\\\\Users\\\\Haile\\\\Desktop\\\\Evangadi\\\\Phase-4\\\\Project-2 amazon\\\\-Building-Amazon-Clone-2024-\\\\amazon-clone-2024\\\\functions\\\\node_modules\\\\firebase-admin\\\\lib\\\\index.js\"}}"}}
[debug] [2024-07-23T07:35:18.484Z] [runtime-status] [13912] Functions runtime initialized. {"cwd":"C:\\Users\\Haile\\Desktop\\Evangadi\\Phase-4\\Project-2 amazon\\-Building-Amazon-Clone-2024-\\amazon-clone-2024\\functions","node_version":"20.14.0"} {"metadata":{"emulator":{"name":"functions"},"function":{"name":"us-central1-api"},"extension":{},"message":"[runtime-status] [13912] Functions runtime initialized. {\"cwd\":\"C:\\\\Users\\\\Haile\\\\Desktop\\\\Evangadi\\\\Phase-4\\\\Project-2 amazon\\\\-Building-Amazon-Clone-2024-\\\\amazon-clone-2024\\\\functions\",\"node_version\":\"20.14.0\"}"}}
[debug] [2024-07-23T07:35:18.484Z] [runtime-status] [13912] Listening to port: \\?\pipe\fire_emu_eebbf63f3a9586dd {"metadata":{"emulator":{"name":"functions"},"function":{"name":"us-central1-api"},"extension":{},"message":"[runtime-status] [13912] Listening to port: \\\\?\\pipe\\fire_emu_eebbf63f3a9586dd"}}
[debug] [2024-07-23T07:36:56.128Z] [work-queue] {"queuedWork":["/project-2-ddd77/us-central1/api/payment/create-2024-07-23T07:36:56.128Z"],"queueLength":1,"runningWork":[],"workRunningCount":0}
[debug] [2024-07-23T07:36:56.128Z] [work-queue] {"queuedWork":[],"queueLength":0,"runningWork":["/project-2-ddd77/us-central1/api/payment/create-2024-07-23T07:36:56.128Z"],"workRunningCount":1}
[debug] [2024-07-23T07:36:56.129Z] Accepted request POST /project-2-ddd77/us-central1/api/payment/create?total=2098 --> us-central1-api
[debug] [2024-07-23T07:36:56.241Z] [functions] Runtime ready! Sending request! {"metadata":{"emulator":{"name":"functions"},"message":"[functions] Runtime ready! Sending request!"}}
[debug] [2024-07-23T07:36:56.241Z] [functions] Got req.url=/project-2-ddd77/us-central1/api/payment/create?total=2098, mapping to path=/payment/create?total=2098 {"metadata":{"emulator":{"name":"functions"},"message":"[functions] Got req.url=/project-2-ddd77/us-central1/api/payment/create?total=2098, mapping to path=/payment/create?total=2098"}}
[info] i  functions: Loaded environment variables from .env. 
[debug] [2024-07-23T07:36:56.418Z] [worker-pool] addWorker(us-central1-api) {"metadata":{"emulator":{"name":"functions"},"message":"[worker-pool] addWorker(us-central1-api)"}}
[debug] [2024-07-23T07:36:56.418Z] [worker-pool] Adding worker with key us-central1-api, total=2 {"metadata":{"emulator":{"name":"functions"},"message":"[worker-pool] Adding worker with key us-central1-api, total=2"}}
[error] !!  functions: Failed to handle request for function us-central1-api {"metadata":{"emulator":{"name":"functions"},"message":"Failed to handle request for function us-central1-api"}}
[error] !!  functions: Failed to start functions in C:\Users\Haile\Desktop\Evangadi\Phase-4\Project-2 amazon\-Building-Amazon-Clone-2024-\amazon-clone-2024\functions: FirebaseError: Failed to load function. {"metadata":{"emulator":{"name":"functions"},"message":"Failed to start functions in C:\\Users\\Haile\\Desktop\\Evangadi\\Phase-4\\Project-2 amazon\\-Building-Amazon-Clone-2024-\\amazon-clone-2024\\functions: FirebaseError: Failed to load function."}}
[debug] [2024-07-23T07:37:26.471Z] [work-queue] {"queuedWork":[],"queueLength":0,"runningWork":[],"workRunningCount":0}
[debug] [2024-07-23T07:37:43.569Z] [runtime-status] [13456] Resolved module firebase-admin {"declared":true,"installed":true,"version":"12.2.0","resolution":"C:\\Users\\Haile\\Desktop\\Evangadi\\Phase-4\\Project-2 amazon\\-Building-Amazon-Clone-2024-\\amazon-clone-2024\\functions\\node_modules\\firebase-admin\\lib\\index.js"} {"metadata":{"emulator":{"name":"functions"},"function":{"name":"us-central1-api"},"extension":{},"message":"[runtime-status] [13456] Resolved module firebase-admin {\"declared\":true,\"installed\":true,\"version\":\"12.2.0\",\"resolution\":\"C:\\\\Users\\\\Haile\\\\Desktop\\\\Evangadi\\\\Phase-4\\\\Project-2 amazon\\\\-Building-Amazon-Clone-2024-\\\\amazon-clone-2024\\\\functions\\\\node_modules\\\\firebase-admin\\\\lib\\\\index.js\"}"}}
[debug] [2024-07-23T07:37:43.585Z] [runtime-status] [13456] Resolved module firebase-functions {"declared":true,"installed":true,"version":"5.0.1","resolution":"C:\\Users\\Haile\\Desktop\\Evangadi\\Phase-4\\Project-2 amazon\\-Building-Amazon-Clone-2024-\\amazon-clone-2024\\functions\\node_modules\\firebase-functions\\lib\\v1\\index.js"} {"metadata":{"emulator":{"name":"functions"},"function":{"name":"us-central1-api"},"extension":{},"message":"[runtime-status] [13456] Resolved module firebase-functions {\"declared\":true,\"installed\":true,\"version\":\"5.0.1\",\"resolution\":\"C:\\\\Users\\\\Haile\\\\Desktop\\\\Evangadi\\\\Phase-4\\\\Project-2 amazon\\\\-Building-Amazon-Clone-2024-\\\\amazon-clone-2024\\\\functions\\\\node_modules\\\\firebase-functions\\\\lib\\\\v1\\\\index.js\"}"}}
[debug] [2024-07-23T07:37:43.587Z] [runtime-status] [13456] Outgoing network have been stubbed. [{"name":"http","status":"mocked"},{"name":"http","status":"mocked"},{"name":"https","status":"mocked"},{"name":"https","status":"mocked"},{"name":"net","status":"mocked"}] {"metadata":{"emulator":{"name":"functions"},"function":{"name":"us-central1-api"},"extension":{},"message":"[runtime-status] [13456] Outgoing network have been stubbed. [{\"name\":\"http\",\"status\":\"mocked\"},{\"name\":\"http\",\"status\":\"mocked\"},{\"name\":\"https\",\"status\":\"mocked\"},{\"name\":\"https\",\"status\":\"mocked\"},{\"name\":\"net\",\"status\":\"mocked\"}]"}}
[debug] [2024-07-23T07:37:43.588Z] [runtime-status] [13456] Resolved module firebase-functions {"declared":true,"installed":true,"version":"5.0.1","resolution":"C:\\Users\\Haile\\Desktop\\Evangadi\\Phase-4\\Project-2 amazon\\-Building-Amazon-Clone-2024-\\amazon-clone-2024\\functions\\node_modules\\firebase-functions\\lib\\v1\\index.js"} {"metadata":{"emulator":{"name":"functions"},"function":{"name":"us-central1-api"},"extension":{},"message":"[runtime-status] [13456] Resolved module firebase-functions {\"declared\":true,\"installed\":true,\"version\":\"5.0.1\",\"resolution\":\"C:\\\\Users\\\\Haile\\\\Desktop\\\\Evangadi\\\\Phase-4\\\\Project-2 amazon\\\\-Building-Amazon-Clone-2024-\\\\amazon-clone-2024\\\\functions\\\\node_modules\\\\firebase-functions\\\\lib\\\\v1\\\\index.js\"}"}}
[debug] [2024-07-23T07:37:48.496Z] [runtime-status] [13456] Checked functions.config() {"config":{}} {"metadata":{"emulator":{"name":"functions"},"function":{"name":"us-central1-api"},"extension":{},"message":"[runtime-status] [13456] Checked functions.config() {\"config\":{}}"}}
[debug] [2024-07-23T07:37:48.496Z] [runtime-status] [13456] firebase-functions has been stubbed. {"functionsResolution":{"declared":true,"installed":true,"version":"5.0.1","resolution":"C:\\Users\\Haile\\Desktop\\Evangadi\\Phase-4\\Project-2 amazon\\-Building-Amazon-Clone-2024-\\amazon-clone-2024\\functions\\node_modules\\firebase-functions\\lib\\v1\\index.js"}} {"metadata":{"emulator":{"name":"functions"},"function":{"name":"us-central1-api"},"extension":{},"message":"[runtime-status] [13456] firebase-functions has been stubbed. {\"functionsResolution\":{\"declared\":true,\"installed\":true,\"version\":\"5.0.1\",\"resolution\":\"C:\\\\Users\\\\Haile\\\\Desktop\\\\Evangadi\\\\Phase-4\\\\Project-2 amazon\\\\-Building-Amazon-Clone-2024-\\\\amazon-clone-2024\\\\functions\\\\node_modules\\\\firebase-functions\\\\lib\\\\v1\\\\index.js\"}}"}}
[debug] [2024-07-23T07:37:48.497Z] [runtime-status] [13456] Resolved module firebase-functions {"declared":true,"installed":true,"version":"5.0.1","resolution":"C:\\Users\\Haile\\Desktop\\Evangadi\\Phase-4\\Project-2 amazon\\-Building-Amazon-Clone-2024-\\amazon-clone-2024\\functions\\node_modules\\firebase-functions\\lib\\v1\\index.js"} {"metadata":{"emulator":{"name":"functions"},"function":{"name":"us-central1-api"},"extension":{},"message":"[runtime-status] [13456] Resolved module firebase-functions {\"declared\":true,\"installed\":true,\"version\":\"5.0.1\",\"resolution\":\"C:\\\\Users\\\\Haile\\\\Desktop\\\\Evangadi\\\\Phase-4\\\\Project-2 amazon\\\\-Building-Amazon-Clone-2024-\\\\amazon-clone-2024\\\\functions\\\\node_modules\\\\firebase-functions\\\\lib\\\\v1\\\\index.js\"}"}}
[debug] [2024-07-23T07:37:48.499Z] [runtime-status] [13456] Resolved module firebase-admin {"declared":true,"installed":true,"version":"12.2.0","resolution":"C:\\Users\\Haile\\Desktop\\Evangadi\\Phase-4\\Project-2 amazon\\-Building-Amazon-Clone-2024-\\amazon-clone-2024\\functions\\node_modules\\firebase-admin\\lib\\index.js"} {"metadata":{"emulator":{"name":"functions"},"function":{"name":"us-central1-api"},"extension":{},"message":"[runtime-status] [13456] Resolved module firebase-admin {\"declared\":true,\"installed\":true,\"version\":\"12.2.0\",\"resolution\":\"C:\\\\Users\\\\Haile\\\\Desktop\\\\Evangadi\\\\Phase-4\\\\Project-2 amazon\\\\-Building-Amazon-Clone-2024-\\\\amazon-clone-2024\\\\functions\\\\node_modules\\\\firebase-admin\\\\lib\\\\index.js\"}"}}
[debug] [2024-07-23T07:37:48.559Z] [runtime-status] [13456] Resolved module firebase-functions {"declared":true,"installed":true,"version":"5.0.1","resolution":"C:\\Users\\Haile\\Desktop\\Evangadi\\Phase-4\\Project-2 amazon\\-Building-Amazon-Clone-2024-\\amazon-clone-2024\\functions\\node_modules\\firebase-functions\\lib\\v1\\index.js"} {"metadata":{"emulator":{"name":"functions"},"function":{"name":"us-central1-api"},"extension":{},"message":"[runtime-status] [13456] Resolved module firebase-functions {\"declared\":true,\"installed\":true,\"version\":\"5.0.1\",\"resolution\":\"C:\\\\Users\\\\Haile\\\\Desktop\\\\Evangadi\\\\Phase-4\\\\Project-2 amazon\\\\-Building-Amazon-Clone-2024-\\\\amazon-clone-2024\\\\functions\\\\node_modules\\\\firebase-functions\\\\lib\\\\v1\\\\index.js\"}"}}
[debug] [2024-07-23T07:37:48.560Z] [runtime-status] [13456] firebase-admin has been stubbed. {"adminResolution":{"declared":true,"installed":true,"version":"12.2.0","resolution":"C:\\Users\\Haile\\Desktop\\Evangadi\\Phase-4\\Project-2 amazon\\-Building-Amazon-Clone-2024-\\amazon-clone-2024\\functions\\node_modules\\firebase-admin\\lib\\index.js"}} {"metadata":{"emulator":{"name":"functions"},"function":{"name":"us-central1-api"},"extension":{},"message":"[runtime-status] [13456] firebase-admin has been stubbed. {\"adminResolution\":{\"declared\":true,\"installed\":true,\"version\":\"12.2.0\",\"resolution\":\"C:\\\\Users\\\\Haile\\\\Desktop\\\\Evangadi\\\\Phase-4\\\\Project-2 amazon\\\\-Building-Amazon-Clone-2024-\\\\amazon-clone-2024\\\\functions\\\\node_modules\\\\firebase-admin\\\\lib\\\\index.js\"}}"}}
[debug] [2024-07-23T07:37:50.861Z] [runtime-status] [13456] Functions runtime initialized. {"cwd":"C:\\Users\\Haile\\Desktop\\Evangadi\\Phase-4\\Project-2 amazon\\-Building-Amazon-Clone-2024-\\amazon-clone-2024\\functions","node_version":"20.14.0"} {"metadata":{"emulator":{"name":"functions"},"function":{"name":"us-central1-api"},"extension":{},"message":"[runtime-status] [13456] Functions runtime initialized. {\"cwd\":\"C:\\\\Users\\\\Haile\\\\Desktop\\\\Evangadi\\\\Phase-4\\\\Project-2 amazon\\\\-Building-Amazon-Clone-2024-\\\\amazon-clone-2024\\\\functions\",\"node_version\":\"20.14.0\"}"}}
[debug] [2024-07-23T07:37:50.862Z] [runtime-status] [13456] Listening to port: \\?\pipe\fire_emu_e3d09e258b251bed {"metadata":{"emulator":{"name":"functions"},"function":{"name":"us-central1-api"},"extension":{},"message":"[runtime-status] [13456] Listening to port: \\\\?\\pipe\\fire_emu_e3d09e258b251bed"}}
[debug] [2024-07-23T07:39:21.033Z] [work-queue] {"queuedWork":["/project-2-ddd77/us-central1/api/payment/create-2024-07-23T07:39:21.033Z"],"queueLength":1,"runningWork":[],"workRunningCount":0}
[debug] [2024-07-23T07:39:21.033Z] [work-queue] {"queuedWork":[],"queueLength":0,"runningWork":["/project-2-ddd77/us-central1/api/payment/create-2024-07-23T07:39:21.033Z"],"workRunningCount":1}
[debug] [2024-07-23T07:39:21.033Z] Accepted request POST /project-2-ddd77/us-central1/api/payment/create?total=2098 --> us-central1-api
[debug] [2024-07-23T07:39:21.036Z] [functions] Runtime ready! Sending request! {"metadata":{"emulator":{"name":"functions"},"message":"[functions] Runtime ready! Sending request!"}}
[debug] [2024-07-23T07:39:21.036Z] [functions] Got req.url=/project-2-ddd77/us-central1/api/payment/create?total=2098, mapping to path=/payment/create?total=2098 {"metadata":{"emulator":{"name":"functions"},"message":"[functions] Got req.url=/project-2-ddd77/us-central1/api/payment/create?total=2098, mapping to path=/payment/create?total=2098"}}
[info] i  functions: Loaded environment variables from .env. 
[debug] [2024-07-23T07:39:21.275Z] [worker-pool] addWorker(us-central1-api) {"metadata":{"emulator":{"name":"functions"},"message":"[worker-pool] addWorker(us-central1-api)"}}
[debug] [2024-07-23T07:39:21.275Z] [worker-pool] Adding worker with key us-central1-api, total=3 {"metadata":{"emulator":{"name":"functions"},"message":"[worker-pool] Adding worker with key us-central1-api, total=3"}}
[debug] [2024-07-23T07:39:30.688Z] [runtime-status] [2016] Resolved module firebase-admin {"declared":true,"installed":true,"version":"12.2.0","resolution":"C:\\Users\\Haile\\Desktop\\Evangadi\\Phase-4\\Project-2 amazon\\-Building-Amazon-Clone-2024-\\amazon-clone-2024\\functions\\node_modules\\firebase-admin\\lib\\index.js"} {"metadata":{"emulator":{"name":"functions"},"function":{"name":"us-central1-api"},"extension":{},"message":"[runtime-status] [2016] Resolved module firebase-admin {\"declared\":true,\"installed\":true,\"version\":\"12.2.0\",\"resolution\":\"C:\\\\Users\\\\Haile\\\\Desktop\\\\Evangadi\\\\Phase-4\\\\Project-2 amazon\\\\-Building-Amazon-Clone-2024-\\\\amazon-clone-2024\\\\functions\\\\node_modules\\\\firebase-admin\\\\lib\\\\index.js\"}"}}
[debug] [2024-07-23T07:39:30.690Z] [runtime-status] [2016] Resolved module firebase-functions {"declared":true,"installed":true,"version":"5.0.1","resolution":"C:\\Users\\Haile\\Desktop\\Evangadi\\Phase-4\\Project-2 amazon\\-Building-Amazon-Clone-2024-\\amazon-clone-2024\\functions\\node_modules\\firebase-functions\\lib\\v1\\index.js"} {"metadata":{"emulator":{"name":"functions"},"function":{"name":"us-central1-api"},"extension":{},"message":"[runtime-status] [2016] Resolved module firebase-functions {\"declared\":true,\"installed\":true,\"version\":\"5.0.1\",\"resolution\":\"C:\\\\Users\\\\Haile\\\\Desktop\\\\Evangadi\\\\Phase-4\\\\Project-2 amazon\\\\-Building-Amazon-Clone-2024-\\\\amazon-clone-2024\\\\functions\\\\node_modules\\\\firebase-functions\\\\lib\\\\v1\\\\index.js\"}"}}
[debug] [2024-07-23T07:39:30.691Z] [runtime-status] [2016] Outgoing network have been stubbed. [{"name":"http","status":"mocked"},{"name":"http","status":"mocked"},{"name":"https","status":"mocked"},{"name":"https","status":"mocked"},{"name":"net","status":"mocked"}] {"metadata":{"emulator":{"name":"functions"},"function":{"name":"us-central1-api"},"extension":{},"message":"[runtime-status] [2016] Outgoing network have been stubbed. [{\"name\":\"http\",\"status\":\"mocked\"},{\"name\":\"http\",\"status\":\"mocked\"},{\"name\":\"https\",\"status\":\"mocked\"},{\"name\":\"https\",\"status\":\"mocked\"},{\"name\":\"net\",\"status\":\"mocked\"}]"}}
[debug] [2024-07-23T07:39:30.691Z] [runtime-status] [2016] Resolved module firebase-functions {"declared":true,"installed":true,"version":"5.0.1","resolution":"C:\\Users\\Haile\\Desktop\\Evangadi\\Phase-4\\Project-2 amazon\\-Building-Amazon-Clone-2024-\\amazon-clone-2024\\functions\\node_modules\\firebase-functions\\lib\\v1\\index.js"} {"metadata":{"emulator":{"name":"functions"},"function":{"name":"us-central1-api"},"extension":{},"message":"[runtime-status] [2016] Resolved module firebase-functions {\"declared\":true,\"installed\":true,\"version\":\"5.0.1\",\"resolution\":\"C:\\\\Users\\\\Haile\\\\Desktop\\\\Evangadi\\\\Phase-4\\\\Project-2 amazon\\\\-Building-Amazon-Clone-2024-\\\\amazon-clone-2024\\\\functions\\\\node_modules\\\\firebase-functions\\\\lib\\\\v1\\\\index.js\"}"}}
[debug] [2024-07-23T07:39:31.923Z] [runtime-status] [2016] Checked functions.config() {"config":{}} {"metadata":{"emulator":{"name":"functions"},"function":{"name":"us-central1-api"},"extension":{},"message":"[runtime-status] [2016] Checked functions.config() {\"config\":{}}"}}
[debug] [2024-07-23T07:39:31.924Z] [runtime-status] [2016] firebase-functions has been stubbed. {"functionsResolution":{"declared":true,"installed":true,"version":"5.0.1","resolution":"C:\\Users\\Haile\\Desktop\\Evangadi\\Phase-4\\Project-2 amazon\\-Building-Amazon-Clone-2024-\\amazon-clone-2024\\functions\\node_modules\\firebase-functions\\lib\\v1\\index.js"}} {"metadata":{"emulator":{"name":"functions"},"function":{"name":"us-central1-api"},"extension":{},"message":"[runtime-status] [2016] firebase-functions has been stubbed. {\"functionsResolution\":{\"declared\":true,\"installed\":true,\"version\":\"5.0.1\",\"resolution\":\"C:\\\\Users\\\\Haile\\\\Desktop\\\\Evangadi\\\\Phase-4\\\\Project-2 amazon\\\\-Building-Amazon-Clone-2024-\\\\amazon-clone-2024\\\\functions\\\\node_modules\\\\firebase-functions\\\\lib\\\\v1\\\\index.js\"}}"}}
[debug] [2024-07-23T07:39:31.925Z] [runtime-status] [2016] Resolved module firebase-functions {"declared":true,"installed":true,"version":"5.0.1","resolution":"C:\\Users\\Haile\\Desktop\\Evangadi\\Phase-4\\Project-2 amazon\\-Building-Amazon-Clone-2024-\\amazon-clone-2024\\functions\\node_modules\\firebase-functions\\lib\\v1\\index.js"} {"metadata":{"emulator":{"name":"functions"},"function":{"name":"us-central1-api"},"extension":{},"message":"[runtime-status] [2016] Resolved module firebase-functions {\"declared\":true,\"installed\":true,\"version\":\"5.0.1\",\"resolution\":\"C:\\\\Users\\\\Haile\\\\Desktop\\\\Evangadi\\\\Phase-4\\\\Project-2 amazon\\\\-Building-Amazon-Clone-2024-\\\\amazon-clone-2024\\\\functions\\\\node_modules\\\\firebase-functions\\\\lib\\\\v1\\\\index.js\"}"}}
[debug] [2024-07-23T07:39:31.928Z] [runtime-status] [2016] Resolved module firebase-admin {"declared":true,"installed":true,"version":"12.2.0","resolution":"C:\\Users\\Haile\\Desktop\\Evangadi\\Phase-4\\Project-2 amazon\\-Building-Amazon-Clone-2024-\\amazon-clone-2024\\functions\\node_modules\\firebase-admin\\lib\\index.js"} {"metadata":{"emulator":{"name":"functions"},"function":{"name":"us-central1-api"},"extension":{},"message":"[runtime-status] [2016] Resolved module firebase-admin {\"declared\":true,\"installed\":true,\"version\":\"12.2.0\",\"resolution\":\"C:\\\\Users\\\\Haile\\\\Desktop\\\\Evangadi\\\\Phase-4\\\\Project-2 amazon\\\\-Building-Amazon-Clone-2024-\\\\amazon-clone-2024\\\\functions\\\\node_modules\\\\firebase-admin\\\\lib\\\\index.js\"}"}}
[debug] [2024-07-23T07:39:31.932Z] [runtime-status] [2016] Resolved module firebase-functions {"declared":true,"installed":true,"version":"5.0.1","resolution":"C:\\Users\\Haile\\Desktop\\Evangadi\\Phase-4\\Project-2 amazon\\-Building-Amazon-Clone-2024-\\amazon-clone-2024\\functions\\node_modules\\firebase-functions\\lib\\v1\\index.js"} {"metadata":{"emulator":{"name":"functions"},"function":{"name":"us-central1-api"},"extension":{},"message":"[runtime-status] [2016] Resolved module firebase-functions {\"declared\":true,\"installed\":true,\"version\":\"5.0.1\",\"resolution\":\"C:\\\\Users\\\\Haile\\\\Desktop\\\\Evangadi\\\\Phase-4\\\\Project-2 amazon\\\\-Building-Amazon-Clone-2024-\\\\amazon-clone-2024\\\\functions\\\\node_modules\\\\firebase-functions\\\\lib\\\\v1\\\\index.js\"}"}}
[debug] [2024-07-23T07:39:31.932Z] [runtime-status] [2016] firebase-admin has been stubbed. {"adminResolution":{"declared":true,"installed":true,"version":"12.2.0","resolution":"C:\\Users\\Haile\\Desktop\\Evangadi\\Phase-4\\Project-2 amazon\\-Building-Amazon-Clone-2024-\\amazon-clone-2024\\functions\\node_modules\\firebase-admin\\lib\\index.js"}} {"metadata":{"emulator":{"name":"functions"},"function":{"name":"us-central1-api"},"extension":{},"message":"[runtime-status] [2016] firebase-admin has been stubbed. {\"adminResolution\":{\"declared\":true,\"installed\":true,\"version\":\"12.2.0\",\"resolution\":\"C:\\\\Users\\\\Haile\\\\Desktop\\\\Evangadi\\\\Phase-4\\\\Project-2 amazon\\\\-Building-Amazon-Clone-2024-\\\\amazon-clone-2024\\\\functions\\\\node_modules\\\\firebase-admin\\\\lib\\\\index.js\"}}"}}
[debug] [2024-07-23T07:39:32.584Z] [runtime-status] [2016] Functions runtime initialized. {"cwd":"C:\\Users\\Haile\\Desktop\\Evangadi\\Phase-4\\Project-2 amazon\\-Building-Amazon-Clone-2024-\\amazon-clone-2024\\functions","node_version":"20.14.0"} {"metadata":{"emulator":{"name":"functions"},"function":{"name":"us-central1-api"},"extension":{},"message":"[runtime-status] [2016] Functions runtime initialized. {\"cwd\":\"C:\\\\Users\\\\Haile\\\\Desktop\\\\Evangadi\\\\Phase-4\\\\Project-2 amazon\\\\-Building-Amazon-Clone-2024-\\\\amazon-clone-2024\\\\functions\",\"node_version\":\"20.14.0\"}"}}
[debug] [2024-07-23T07:39:32.585Z] [runtime-status] [2016] Listening to port: \\?\pipe\fire_emu_3ed1346c01ad4b9a {"metadata":{"emulator":{"name":"functions"},"function":{"name":"us-central1-api"},"extension":{},"message":"[runtime-status] [2016] Listening to port: \\\\?\\pipe\\fire_emu_3ed1346c01ad4b9a"}}
[debug] [2024-07-23T07:39:32.623Z] [worker-us-central1-api-86dfa40f-f2e5-48ca-b468-88d7558e9338]: IDLE {"metadata":{"emulator":{"name":"functions"},"function":{"name":"us-central1-api"},"extension":{},"message":"[worker-us-central1-api-86dfa40f-f2e5-48ca-b468-88d7558e9338]: IDLE"}}
[debug] [2024-07-23T07:39:32.623Z] [worker-pool] submitRequest(triggerId=us-central1-api) {"metadata":{"emulator":{"name":"functions"},"message":"[worker-pool] submitRequest(triggerId=us-central1-api)"}}
[info] i  functions: Beginning execution of "us-central1-api" {"metadata":{"emulator":{"name":"functions"},"function":{"name":"us-central1-api"},"extension":{},"message":"Beginning execution of \"us-central1-api\""}}
[debug] [2024-07-23T07:39:32.624Z] [worker-us-central1-api-86dfa40f-f2e5-48ca-b468-88d7558e9338]: BUSY {"metadata":{"emulator":{"name":"functions"},"function":{"name":"us-central1-api"},"extension":{},"message":"[worker-us-central1-api-86dfa40f-f2e5-48ca-b468-88d7558e9338]: BUSY"}}
[info] >  C:\Users\Haile\Desktop\Evangadi\Phase-4\Project-2 amazon\-Building-Amazon-Clone-2024-\amazon-clone-2024\functions\node_modules\stripe\cjs\RequestSender.js:326 {"user":"C:\\Users\\Haile\\Desktop\\Evangadi\\Phase-4\\Project-2 amazon\\-Building-Amazon-Clone-2024-\\amazon-clone-2024\\functions\\node_modules\\stripe\\cjs\\RequestSender.js:326\r","metadata":{"emulator":{"name":"functions"},"function":{"name":"us-central1-api"},"extension":{},"message":"\u001b[90m> \u001b[39m C:\\Users\\Haile\\Desktop\\Evangadi\\Phase-4\\Project-2 amazon\\-Building-Amazon-Clone-2024-\\amazon-clone-2024\\functions\\node_modules\\stripe\\cjs\\RequestSender.js:326\r"}}
[info] >                      return callback(new Error_js_1.StripeConnectionError({ {"user":"                    return callback(new Error_js_1.StripeConnectionError({\r","metadata":{"emulator":{"name":"functions"},"function":{"name":"us-central1-api"},"extension":{},"message":"\u001b[90m> \u001b[39m                     return callback(new Error_js_1.StripeConnectionError({\r"}}
[info] >                                      ^ {"user":"                                    ^\r","metadata":{"emulator":{"name":"functions"},"function":{"name":"us-central1-api"},"extension":{},"message":"\u001b[90m> \u001b[39m                                     ^\r"}}
[info] >   {"user":"\r","metadata":{"emulator":{"name":"functions"},"function":{"name":"us-central1-api"},"extension":{},"message":"\u001b[90m> \u001b[39m \r"}}
[info] >  StripeConnectionError: Request aborted due to timeout being reached (80000ms) {"user":"StripeConnectionError: Request aborted due to timeout being reached (80000ms)\r","metadata":{"emulator":{"name":"functions"},"function":{"name":"us-central1-api"},"extension":{},"message":"\u001b[90m> \u001b[39m StripeConnectionError: Request aborted due to timeout being reached (80000ms)\r"}}
[info] >      at C:\Users\Haile\Desktop\Evangadi\Phase-4\Project-2 amazon\-Building-Amazon-Clone-2024-\amazon-clone-2024\functions\node_modules\stripe\cjs\RequestSender.js:326:37 {"user":"    at C:\\Users\\Haile\\Desktop\\Evangadi\\Phase-4\\Project-2 amazon\\-Building-Amazon-Clone-2024-\\amazon-clone-2024\\functions\\node_modules\\stripe\\cjs\\RequestSender.js:326:37\r","metadata":{"emulator":{"name":"functions"},"function":{"name":"us-central1-api"},"extension":{},"message":"\u001b[90m> \u001b[39m     at C:\\Users\\Haile\\Desktop\\Evangadi\\Phase-4\\Project-2 amazon\\-Building-Amazon-Clone-2024-\\amazon-clone-2024\\functions\\node_modules\\stripe\\cjs\\RequestSender.js:326:37\r"}}
[info] >      at process.processTicksAndRejections (node:internal/process/task_queues:95:5) { {"user":"    at process.processTicksAndRejections (node:internal/process/task_queues:95:5) {\r","metadata":{"emulator":{"name":"functions"},"function":{"name":"us-central1-api"},"extension":{},"message":"\u001b[90m> \u001b[39m     at process.processTicksAndRejections (node:internal/process/task_queues:95:5) {\r"}}
[info] >    type: 'StripeConnectionError', {"user":"  type: 'StripeConnectionError',\r","metadata":{"emulator":{"name":"functions"},"function":{"name":"us-central1-api"},"extension":{},"message":"\u001b[90m> \u001b[39m   type: 'StripeConnectionError',\r"}}
[info] >    raw: { {"user":"  raw: {\r","metadata":{"emulator":{"name":"functions"},"function":{"name":"us-central1-api"},"extension":{},"message":"\u001b[90m> \u001b[39m   raw: {\r"}}
[info] >      message: 'Request aborted due to timeout being reached (80000ms)', {"user":"    message: 'Request aborted due to timeout being reached (80000ms)',\r","metadata":{"emulator":{"name":"functions"},"function":{"name":"us-central1-api"},"extension":{},"message":"\u001b[90m> \u001b[39m     message: 'Request aborted due to timeout being reached (80000ms)',\r"}}
[info] >      detail: AggregateError [ETIMEDOUT]:  {"user":"    detail: AggregateError [ETIMEDOUT]: \r","metadata":{"emulator":{"name":"functions"},"function":{"name":"us-central1-api"},"extension":{},"message":"\u001b[90m> \u001b[39m     detail: AggregateError [ETIMEDOUT]: \r"}}
[info] >          at internalConnectMultiple (node:net:1117:18) {"user":"        at internalConnectMultiple (node:net:1117:18)\r","metadata":{"emulator":{"name":"functions"},"function":{"name":"us-central1-api"},"extension":{},"message":"\u001b[90m> \u001b[39m         at internalConnectMultiple (node:net:1117:18)\r"}}
[info] >          at afterConnectMultiple (node:net:1684:7) { {"user":"        at afterConnectMultiple (node:net:1684:7) {\r","metadata":{"emulator":{"name":"functions"},"function":{"name":"us-central1-api"},"extension":{},"message":"\u001b[90m> \u001b[39m         at afterConnectMultiple (node:net:1684:7) {\r"}}
[info] >        code: 'ETIMEDOUT', {"user":"      code: 'ETIMEDOUT',\r","metadata":{"emulator":{"name":"functions"},"function":{"name":"us-central1-api"},"extension":{},"message":"\u001b[90m> \u001b[39m       code: 'ETIMEDOUT',\r"}}
[info] >        [errors]: [ {"user":"      [errors]: [\r","metadata":{"emulator":{"name":"functions"},"function":{"name":"us-central1-api"},"extension":{},"message":"\u001b[90m> \u001b[39m       [errors]: [\r"}}
[info] >          Error: connect ETIMEDOUT 34.250.89.120:443 {"user":"        Error: connect ETIMEDOUT 34.250.89.120:443\r","metadata":{"emulator":{"name":"functions"},"function":{"name":"us-central1-api"},"extension":{},"message":"\u001b[90m> \u001b[39m         Error: connect ETIMEDOUT 34.250.89.120:443\r"}}
[info] >              at createConnectionError (node:net:1647:14) {"user":"            at createConnectionError (node:net:1647:14)\r","metadata":{"emulator":{"name":"functions"},"function":{"name":"us-central1-api"},"extension":{},"message":"\u001b[90m> \u001b[39m             at createConnectionError (node:net:1647:14)\r"}}
[info] >              at Timeout.internalConnectMultipleTimeout (node:net:1706:38) {"user":"            at Timeout.internalConnectMultipleTimeout (node:net:1706:38)\r","metadata":{"emulator":{"name":"functions"},"function":{"name":"us-central1-api"},"extension":{},"message":"\u001b[90m> \u001b[39m             at Timeout.internalConnectMultipleTimeout (node:net:1706:38)\r"}}
[info] >              at listOnTimeout (node:internal/timers:575:11) {"user":"            at listOnTimeout (node:internal/timers:575:11)\r","metadata":{"emulator":{"name":"functions"},"function":{"name":"us-central1-api"},"extension":{},"message":"\u001b[90m> \u001b[39m             at listOnTimeout (node:internal/timers:575:11)\r"}}
[info] >              at process.processTimers (node:internal/timers:514:7) { {"user":"            at process.processTimers (node:internal/timers:514:7) {\r","metadata":{"emulator":{"name":"functions"},"function":{"name":"us-central1-api"},"extension":{},"message":"\u001b[90m> \u001b[39m             at process.processTimers (node:internal/timers:514:7) {\r"}}
[info] >            errno: -4039, {"user":"          errno: -4039,\r","metadata":{"emulator":{"name":"functions"},"function":{"name":"us-central1-api"},"extension":{},"message":"\u001b[90m> \u001b[39m           errno: -4039,\r"}}
[info] >            code: 'ETIMEDOUT', {"user":"          code: 'ETIMEDOUT',\r","metadata":{"emulator":{"name":"functions"},"function":{"name":"us-central1-api"},"extension":{},"message":"\u001b[90m> \u001b[39m           code: 'ETIMEDOUT',\r"}}
[info] >            syscall: 'connect', {"user":"          syscall: 'connect',\r","metadata":{"emulator":{"name":"functions"},"function":{"name":"us-central1-api"},"extension":{},"message":"\u001b[90m> \u001b[39m           syscall: 'connect',\r"}}
[info] >            address: '34.250.89.120', {"user":"          address: '34.250.89.120',\r","metadata":{"emulator":{"name":"functions"},"function":{"name":"us-central1-api"},"extension":{},"message":"\u001b[90m> \u001b[39m           address: '34.250.89.120',\r"}}
[info] >            port: 443 {"user":"          port: 443\r","metadata":{"emulator":{"name":"functions"},"function":{"name":"us-central1-api"},"extension":{},"message":"\u001b[90m> \u001b[39m           port: 443\r"}}
[info] >          }, {"user":"        },\r","metadata":{"emulator":{"name":"functions"},"function":{"name":"us-central1-api"},"extension":{},"message":"\u001b[90m> \u001b[39m         },\r"}}
[info] >          Error: connect ETIMEDOUT 34.250.29.31:443 {"user":"        Error: connect ETIMEDOUT 34.250.29.31:443\r","metadata":{"emulator":{"name":"functions"},"function":{"name":"us-central1-api"},"extension":{},"message":"\u001b[90m> \u001b[39m         Error: connect ETIMEDOUT 34.250.29.31:443\r"}}
[info] >              at createConnectionError (node:net:1647:14) {"user":"            at createConnectionError (node:net:1647:14)\r","metadata":{"emulator":{"name":"functions"},"function":{"name":"us-central1-api"},"extension":{},"message":"\u001b[90m> \u001b[39m             at createConnectionError (node:net:1647:14)\r"}}
[info] >              at Timeout.internalConnectMultipleTimeout (node:net:1706:38) {"user":"            at Timeout.internalConnectMultipleTimeout (node:net:1706:38)\r","metadata":{"emulator":{"name":"functions"},"function":{"name":"us-central1-api"},"extension":{},"message":"\u001b[90m> \u001b[39m             at Timeout.internalConnectMultipleTimeout (node:net:1706:38)\r"}}
[info] >              at listOnTimeout (node:internal/timers:575:11) {"user":"            at listOnTimeout (node:internal/timers:575:11)\r","metadata":{"emulator":{"name":"functions"},"function":{"name":"us-central1-api"},"extension":{},"message":"\u001b[90m> \u001b[39m             at listOnTimeout (node:internal/timers:575:11)\r"}}
[info] >              at process.processTimers (node:internal/timers:514:7) { {"user":"            at process.processTimers (node:internal/timers:514:7) {\r","metadata":{"emulator":{"name":"functions"},"function":{"name":"us-central1-api"},"extension":{},"message":"\u001b[90m> \u001b[39m             at process.processTimers (node:internal/timers:514:7) {\r"}}
[info] >            errno: -4039, {"user":"          errno: -4039,\r","metadata":{"emulator":{"name":"functions"},"function":{"name":"us-central1-api"},"extension":{},"message":"\u001b[90m> \u001b[39m           errno: -4039,\r"}}
[info] >            code: 'ETIMEDOUT', {"user":"          code: 'ETIMEDOUT',\r","metadata":{"emulator":{"name":"functions"},"function":{"name":"us-central1-api"},"extension":{},"message":"\u001b[90m> \u001b[39m           code: 'ETIMEDOUT',\r"}}
[info] >            syscall: 'connect', {"user":"          syscall: 'connect',\r","metadata":{"emulator":{"name":"functions"},"function":{"name":"us-central1-api"},"extension":{},"message":"\u001b[90m> \u001b[39m           syscall: 'connect',\r"}}
[info] >            address: '34.250.29.31', {"user":"          address: '34.250.29.31',\r","metadata":{"emulator":{"name":"functions"},"function":{"name":"us-central1-api"},"extension":{},"message":"\u001b[90m> \u001b[39m           address: '34.250.29.31',\r"}}
[info] >            port: 443 {"user":"          port: 443\r","metadata":{"emulator":{"name":"functions"},"function":{"name":"us-central1-api"},"extension":{},"message":"\u001b[90m> \u001b[39m           port: 443\r"}}
[info] >          }, {"user":"        },\r","metadata":{"emulator":{"name":"functions"},"function":{"name":"us-central1-api"},"extension":{},"message":"\u001b[90m> \u001b[39m         },\r"}}
[info] >          Error: connect ETIMEDOUT 34.241.59.225:443 {"user":"        Error: connect ETIMEDOUT 34.241.59.225:443\r","metadata":{"emulator":{"name":"functions"},"function":{"name":"us-central1-api"},"extension":{},"message":"\u001b[90m> \u001b[39m         Error: connect ETIMEDOUT 34.241.59.225:443\r"}}
[info] >              at createConnectionError (node:net:1647:14) {"user":"            at createConnectionError (node:net:1647:14)\r","metadata":{"emulator":{"name":"functions"},"function":{"name":"us-central1-api"},"extension":{},"message":"\u001b[90m> \u001b[39m             at createConnectionError (node:net:1647:14)\r"}}
[info] >              at afterConnectMultiple (node:net:1677:16) { {"user":"            at afterConnectMultiple (node:net:1677:16) {\r","metadata":{"emulator":{"name":"functions"},"function":{"name":"us-central1-api"},"extension":{},"message":"\u001b[90m> \u001b[39m             at afterConnectMultiple (node:net:1677:16) {\r"}}
[info] >            errno: -4039, {"user":"          errno: -4039,\r","metadata":{"emulator":{"name":"functions"},"function":{"name":"us-central1-api"},"extension":{},"message":"\u001b[90m> \u001b[39m           errno: -4039,\r"}}
[info] >            code: 'ETIMEDOUT', {"user":"          code: 'ETIMEDOUT',\r","metadata":{"emulator":{"name":"functions"},"function":{"name":"us-central1-api"},"extension":{},"message":"\u001b[90m> \u001b[39m           code: 'ETIMEDOUT',\r"}}
[info] >            syscall: 'connect', {"user":"          syscall: 'connect',\r","metadata":{"emulator":{"name":"functions"},"function":{"name":"us-central1-api"},"extension":{},"message":"\u001b[90m> \u001b[39m           syscall: 'connect',\r"}}
[info] >            address: '34.241.59.225', {"user":"          address: '34.241.59.225',\r","metadata":{"emulator":{"name":"functions"},"function":{"name":"us-central1-api"},"extension":{},"message":"\u001b[90m> \u001b[39m           address: '34.241.59.225',\r"}}
[info] >            port: 443 {"user":"          port: 443\r","metadata":{"emulator":{"name":"functions"},"function":{"name":"us-central1-api"},"extension":{},"message":"\u001b[90m> \u001b[39m           port: 443\r"}}
[info] >          } {"user":"        }\r","metadata":{"emulator":{"name":"functions"},"function":{"name":"us-central1-api"},"extension":{},"message":"\u001b[90m> \u001b[39m         }\r"}}
[info] >        ] {"user":"      ]\r","metadata":{"emulator":{"name":"functions"},"function":{"name":"us-central1-api"},"extension":{},"message":"\u001b[90m> \u001b[39m       ]\r"}}
[info] >      } {"user":"    }\r","metadata":{"emulator":{"name":"functions"},"function":{"name":"us-central1-api"},"extension":{},"message":"\u001b[90m> \u001b[39m     }\r"}}
[info] >    }, {"user":"  },\r","metadata":{"emulator":{"name":"functions"},"function":{"name":"us-central1-api"},"extension":{},"message":"\u001b[90m> \u001b[39m   },\r"}}
[info] >    rawType: undefined, {"user":"  rawType: undefined,\r","metadata":{"emulator":{"name":"functions"},"function":{"name":"us-central1-api"},"extension":{},"message":"\u001b[90m> \u001b[39m   rawType: undefined,\r"}}
[info] >    code: undefined, {"user":"  code: undefined,\r","metadata":{"emulator":{"name":"functions"},"function":{"name":"us-central1-api"},"extension":{},"message":"\u001b[90m> \u001b[39m   code: undefined,\r"}}
[info] >    doc_url: undefined, {"user":"  doc_url: undefined,\r","metadata":{"emulator":{"name":"functions"},"function":{"name":"us-central1-api"},"extension":{},"message":"\u001b[90m> \u001b[39m   doc_url: undefined,\r"}}
[info] >    param: undefined, {"user":"  param: undefined,\r","metadata":{"emulator":{"name":"functions"},"function":{"name":"us-central1-api"},"extension":{},"message":"\u001b[90m> \u001b[39m   param: undefined,\r"}}
[info] >    detail: AggregateError [ETIMEDOUT]:  {"user":"  detail: AggregateError [ETIMEDOUT]: \r","metadata":{"emulator":{"name":"functions"},"function":{"name":"us-central1-api"},"extension":{},"message":"\u001b[90m> \u001b[39m   detail: AggregateError [ETIMEDOUT]: \r"}}
[info] >        at internalConnectMultiple (node:net:1117:18) {"user":"      at internalConnectMultiple (node:net:1117:18)\r","metadata":{"emulator":{"name":"functions"},"function":{"name":"us-central1-api"},"extension":{},"message":"\u001b[90m> \u001b[39m       at internalConnectMultiple (node:net:1117:18)\r"}}
[info] >        at afterConnectMultiple (node:net:1684:7) { {"user":"      at afterConnectMultiple (node:net:1684:7) {\r","metadata":{"emulator":{"name":"functions"},"function":{"name":"us-central1-api"},"extension":{},"message":"\u001b[90m> \u001b[39m       at afterConnectMultiple (node:net:1684:7) {\r"}}
[info] >      code: 'ETIMEDOUT', {"user":"    code: 'ETIMEDOUT',\r","metadata":{"emulator":{"name":"functions"},"function":{"name":"us-central1-api"},"extension":{},"message":"\u001b[90m> \u001b[39m     code: 'ETIMEDOUT',\r"}}
[info] >      [errors]: [ {"user":"    [errors]: [\r","metadata":{"emulator":{"name":"functions"},"function":{"name":"us-central1-api"},"extension":{},"message":"\u001b[90m> \u001b[39m     [errors]: [\r"}}
[info] >        Error: connect ETIMEDOUT 34.250.89.120:443 {"user":"      Error: connect ETIMEDOUT 34.250.89.120:443\r","metadata":{"emulator":{"name":"functions"},"function":{"name":"us-central1-api"},"extension":{},"message":"\u001b[90m> \u001b[39m       Error: connect ETIMEDOUT 34.250.89.120:443\r"}}
[info] >            at createConnectionError (node:net:1647:14) {"user":"          at createConnectionError (node:net:1647:14)\r","metadata":{"emulator":{"name":"functions"},"function":{"name":"us-central1-api"},"extension":{},"message":"\u001b[90m> \u001b[39m           at createConnectionError (node:net:1647:14)\r"}}
[info] >            at Timeout.internalConnectMultipleTimeout (node:net:1706:38) {"user":"          at Timeout.internalConnectMultipleTimeout (node:net:1706:38)\r","metadata":{"emulator":{"name":"functions"},"function":{"name":"us-central1-api"},"extension":{},"message":"\u001b[90m> \u001b[39m           at Timeout.internalConnectMultipleTimeout (node:net:1706:38)\r"}}
[info] >            at listOnTimeout (node:internal/timers:575:11) {"user":"          at listOnTimeout (node:internal/timers:575:11)\r","metadata":{"emulator":{"name":"functions"},"function":{"name":"us-central1-api"},"extension":{},"message":"\u001b[90m> \u001b[39m           at listOnTimeout (node:internal/timers:575:11)\r"}}
[info] >            at process.processTimers (node:internal/timers:514:7) { {"user":"          at process.processTimers (node:internal/timers:514:7) {\r","metadata":{"emulator":{"name":"functions"},"function":{"name":"us-central1-api"},"extension":{},"message":"\u001b[90m> \u001b[39m           at process.processTimers (node:internal/timers:514:7) {\r"}}
[info] >          errno: -4039, {"user":"        errno: -4039,\r","metadata":{"emulator":{"name":"functions"},"function":{"name":"us-central1-api"},"extension":{},"message":"\u001b[90m> \u001b[39m         errno: -4039,\r"}}
[info] >          code: 'ETIMEDOUT', {"user":"        code: 'ETIMEDOUT',\r","metadata":{"emulator":{"name":"functions"},"function":{"name":"us-central1-api"},"extension":{},"message":"\u001b[90m> \u001b[39m         code: 'ETIMEDOUT',\r"}}
[info] >          syscall: 'connect', {"user":"        syscall: 'connect',\r","metadata":{"emulator":{"name":"functions"},"function":{"name":"us-central1-api"},"extension":{},"message":"\u001b[90m> \u001b[39m         syscall: 'connect',\r"}}
[info] >          address: '34.250.89.120', {"user":"        address: '34.250.89.120',\r","metadata":{"emulator":{"name":"functions"},"function":{"name":"us-central1-api"},"extension":{},"message":"\u001b[90m> \u001b[39m         address: '34.250.89.120',\r"}}
[info] >          port: 443 {"user":"        port: 443\r","metadata":{"emulator":{"name":"functions"},"function":{"name":"us-central1-api"},"extension":{},"message":"\u001b[90m> \u001b[39m         port: 443\r"}}
[info] >        }, {"user":"      },\r","metadata":{"emulator":{"name":"functions"},"function":{"name":"us-central1-api"},"extension":{},"message":"\u001b[90m> \u001b[39m       },\r"}}
[info] >        Error: connect ETIMEDOUT 34.250.29.31:443 {"user":"      Error: connect ETIMEDOUT 34.250.29.31:443\r","metadata":{"emulator":{"name":"functions"},"function":{"name":"us-central1-api"},"extension":{},"message":"\u001b[90m> \u001b[39m       Error: connect ETIMEDOUT 34.250.29.31:443\r"}}
[info] >            at createConnectionError (node:net:1647:14) {"user":"          at createConnectionError (node:net:1647:14)\r","metadata":{"emulator":{"name":"functions"},"function":{"name":"us-central1-api"},"extension":{},"message":"\u001b[90m> \u001b[39m           at createConnectionError (node:net:1647:14)\r"}}
[info] >            at Timeout.internalConnectMultipleTimeout (node:net:1706:38) {"user":"          at Timeout.internalConnectMultipleTimeout (node:net:1706:38)\r","metadata":{"emulator":{"name":"functions"},"function":{"name":"us-central1-api"},"extension":{},"message":"\u001b[90m> \u001b[39m           at Timeout.internalConnectMultipleTimeout (node:net:1706:38)\r"}}
[info] >            at listOnTimeout (node:internal/timers:575:11) {"user":"          at listOnTimeout (node:internal/timers:575:11)\r","metadata":{"emulator":{"name":"functions"},"function":{"name":"us-central1-api"},"extension":{},"message":"\u001b[90m> \u001b[39m           at listOnTimeout (node:internal/timers:575:11)\r"}}
[info] >            at process.processTimers (node:internal/timers:514:7) { {"user":"          at process.processTimers (node:internal/timers:514:7) {\r","metadata":{"emulator":{"name":"functions"},"function":{"name":"us-central1-api"},"extension":{},"message":"\u001b[90m> \u001b[39m           at process.processTimers (node:internal/timers:514:7) {\r"}}
[info] >          errno: -4039, {"user":"        errno: -4039,\r","metadata":{"emulator":{"name":"functions"},"function":{"name":"us-central1-api"},"extension":{},"message":"\u001b[90m> \u001b[39m         errno: -4039,\r"}}
[info] >          code: 'ETIMEDOUT', {"user":"        code: 'ETIMEDOUT',\r","metadata":{"emulator":{"name":"functions"},"function":{"name":"us-central1-api"},"extension":{},"message":"\u001b[90m> \u001b[39m         code: 'ETIMEDOUT',\r"}}
[info] >          syscall: 'connect', {"user":"        syscall: 'connect',\r","metadata":{"emulator":{"name":"functions"},"function":{"name":"us-central1-api"},"extension":{},"message":"\u001b[90m> \u001b[39m         syscall: 'connect',\r"}}
[info] >          address: '34.250.29.31', {"user":"        address: '34.250.29.31',\r","metadata":{"emulator":{"name":"functions"},"function":{"name":"us-central1-api"},"extension":{},"message":"\u001b[90m> \u001b[39m         address: '34.250.29.31',\r"}}
[info] >          port: 443 {"user":"        port: 443\r","metadata":{"emulator":{"name":"functions"},"function":{"name":"us-central1-api"},"extension":{},"message":"\u001b[90m> \u001b[39m         port: 443\r"}}
[info] >        }, {"user":"      },\r","metadata":{"emulator":{"name":"functions"},"function":{"name":"us-central1-api"},"extension":{},"message":"\u001b[90m> \u001b[39m       },\r"}}
[info] >        Error: connect ETIMEDOUT 34.241.59.225:443 {"user":"      Error: connect ETIMEDOUT 34.241.59.225:443\r","metadata":{"emulator":{"name":"functions"},"function":{"name":"us-central1-api"},"extension":{},"message":"\u001b[90m> \u001b[39m       Error: connect ETIMEDOUT 34.241.59.225:443\r"}}
[info] >            at createConnectionError (node:net:1647:14) {"user":"          at createConnectionError (node:net:1647:14)\r","metadata":{"emulator":{"name":"functions"},"function":{"name":"us-central1-api"},"extension":{},"message":"\u001b[90m> \u001b[39m           at createConnectionError (node:net:1647:14)\r"}}
[info] >            at afterConnectMultiple (node:net:1677:16) { {"user":"          at afterConnectMultiple (node:net:1677:16) {\r","metadata":{"emulator":{"name":"functions"},"function":{"name":"us-central1-api"},"extension":{},"message":"\u001b[90m> \u001b[39m           at afterConnectMultiple (node:net:1677:16) {\r"}}
[info] >          errno: -4039, {"user":"        errno: -4039,\r","metadata":{"emulator":{"name":"functions"},"function":{"name":"us-central1-api"},"extension":{},"message":"\u001b[90m> \u001b[39m         errno: -4039,\r"}}
[info] >          code: 'ETIMEDOUT', {"user":"        code: 'ETIMEDOUT',\r","metadata":{"emulator":{"name":"functions"},"function":{"name":"us-central1-api"},"extension":{},"message":"\u001b[90m> \u001b[39m         code: 'ETIMEDOUT',\r"}}
[info] >          syscall: 'connect', {"user":"        syscall: 'connect',\r","metadata":{"emulator":{"name":"functions"},"function":{"name":"us-central1-api"},"extension":{},"message":"\u001b[90m> \u001b[39m         syscall: 'connect',\r"}}
[info] >          address: '34.241.59.225', {"user":"        address: '34.241.59.225',\r","metadata":{"emulator":{"name":"functions"},"function":{"name":"us-central1-api"},"extension":{},"message":"\u001b[90m> \u001b[39m         address: '34.241.59.225',\r"}}
[info] >          port: 443 {"user":"        port: 443\r","metadata":{"emulator":{"name":"functions"},"function":{"name":"us-central1-api"},"extension":{},"message":"\u001b[90m> \u001b[39m         port: 443\r"}}
[info] >        } {"user":"      }\r","metadata":{"emulator":{"name":"functions"},"function":{"name":"us-central1-api"},"extension":{},"message":"\u001b[90m> \u001b[39m       }\r"}}
[info] >      ] {"user":"    ]\r","metadata":{"emulator":{"name":"functions"},"function":{"name":"us-central1-api"},"extension":{},"message":"\u001b[90m> \u001b[39m     ]\r"}}
[info] >    }, {"user":"  },\r","metadata":{"emulator":{"name":"functions"},"function":{"name":"us-central1-api"},"extension":{},"message":"\u001b[90m> \u001b[39m   },\r"}}
[info] >    headers: undefined, {"user":"  headers: undefined,\r","metadata":{"emulator":{"name":"functions"},"function":{"name":"us-central1-api"},"extension":{},"message":"\u001b[90m> \u001b[39m   headers: undefined,\r"}}
[info] >    requestId: undefined, {"user":"  requestId: undefined,\r","metadata":{"emulator":{"name":"functions"},"function":{"name":"us-central1-api"},"extension":{},"message":"\u001b[90m> \u001b[39m   requestId: undefined,\r"}}
[info] >    statusCode: undefined, {"user":"  statusCode: undefined,\r","metadata":{"emulator":{"name":"functions"},"function":{"name":"us-central1-api"},"extension":{},"message":"\u001b[90m> \u001b[39m   statusCode: undefined,\r"}}
[info] >    charge: undefined, {"user":"  charge: undefined,\r","metadata":{"emulator":{"name":"functions"},"function":{"name":"us-central1-api"},"extension":{},"message":"\u001b[90m> \u001b[39m   charge: undefined,\r"}}
[info] >    decline_code: undefined, {"user":"  decline_code: undefined,\r","metadata":{"emulator":{"name":"functions"},"function":{"name":"us-central1-api"},"extension":{},"message":"\u001b[90m> \u001b[39m   decline_code: undefined,\r"}}
[info] >    payment_intent: undefined, {"user":"  payment_intent: undefined,\r","metadata":{"emulator":{"name":"functions"},"function":{"name":"us-central1-api"},"extension":{},"message":"\u001b[90m> \u001b[39m   payment_intent: undefined,\r"}}
[info] >    payment_method: undefined, {"user":"  payment_method: undefined,\r","metadata":{"emulator":{"name":"functions"},"function":{"name":"us-central1-api"},"extension":{},"message":"\u001b[90m> \u001b[39m   payment_method: undefined,\r"}}
[info] >    payment_method_type: undefined, {"user":"  payment_method_type: undefined,\r","metadata":{"emulator":{"name":"functions"},"function":{"name":"us-central1-api"},"extension":{},"message":"\u001b[90m> \u001b[39m   payment_method_type: undefined,\r"}}
[info] >    setup_intent: undefined, {"user":"  setup_intent: undefined,\r","metadata":{"emulator":{"name":"functions"},"function":{"name":"us-central1-api"},"extension":{},"message":"\u001b[90m> \u001b[39m   setup_intent: undefined,\r"}}
[info] >    source: undefined {"user":"  source: undefined\r","metadata":{"emulator":{"name":"functions"},"function":{"name":"us-central1-api"},"extension":{},"message":"\u001b[90m> \u001b[39m   source: undefined\r"}}
[info] >  } {"user":"}\r","metadata":{"emulator":{"name":"functions"},"function":{"name":"us-central1-api"},"extension":{},"message":"\u001b[90m> \u001b[39m }\r"}}
[info] >   {"user":"\r","metadata":{"emulator":{"name":"functions"},"function":{"name":"us-central1-api"},"extension":{},"message":"\u001b[90m> \u001b[39m \r"}}
[info] >  Node.js v20.14.0 {"user":"Node.js v20.14.0\r","metadata":{"emulator":{"name":"functions"},"function":{"name":"us-central1-api"},"extension":{},"message":"\u001b[90m> \u001b[39m Node.js v20.14.0\r"}}
[error] i  Request to function failed: Error: socket hang up {"metadata":{"emulator":{"name":"functions"},"function":{"name":"us-central1-api"},"extension":{},"message":"Request to function failed: Error: socket hang up"}}
[debug] [2024-07-23T07:40:17.018Z] [work-queue] {"queuedWork":[],"queueLength":0,"runningWork":[],"workRunningCount":0}
[debug] [2024-07-23T07:40:17.031Z] [worker-us-central1-api-86dfa40f-f2e5-48ca-b468-88d7558e9338]: exited {"metadata":{"emulator":{"name":"functions"},"function":{"name":"us-central1-api"},"extension":{},"message":"[worker-us-central1-api-86dfa40f-f2e5-48ca-b468-88d7558e9338]: exited"}}
[debug] [2024-07-23T07:40:17.031Z] [worker-us-central1-api-86dfa40f-f2e5-48ca-b468-88d7558e9338]: FINISHED {"metadata":{"emulator":{"name":"functions"},"function":{"name":"us-central1-api"},"extension":{},"message":"[worker-us-central1-api-86dfa40f-f2e5-48ca-b468-88d7558e9338]: FINISHED"}}
[debug] [2024-07-23T07:44:11.440Z] [work-queue] {"queuedWork":["/project-2-ddd77/us-central1/api/payment/create-2024-07-23T07:44:11.440Z"],"queueLength":1,"runningWork":[],"workRunningCount":0}
[debug] [2024-07-23T07:44:11.440Z] [work-queue] {"queuedWork":[],"queueLength":0,"runningWork":["/project-2-ddd77/us-central1/api/payment/create-2024-07-23T07:44:11.440Z"],"workRunningCount":1}
[debug] [2024-07-23T07:44:11.440Z] Accepted request POST /project-2-ddd77/us-central1/api/payment/create?total=4984 --> us-central1-api
[debug] [2024-07-23T07:44:11.443Z] [functions] Runtime ready! Sending request! {"metadata":{"emulator":{"name":"functions"},"message":"[functions] Runtime ready! Sending request!"}}
[debug] [2024-07-23T07:44:11.444Z] [functions] Got req.url=/project-2-ddd77/us-central1/api/payment/create?total=4984, mapping to path=/payment/create?total=4984 {"metadata":{"emulator":{"name":"functions"},"message":"[functions] Got req.url=/project-2-ddd77/us-central1/api/payment/create?total=4984, mapping to path=/payment/create?total=4984"}}
[debug] [2024-07-23T07:44:11.444Z] [worker-pool] Cleaned up workers for us-central1-api: 3 --> 2 {"metadata":{"emulator":{"name":"functions"},"message":"[worker-pool] Cleaned up workers for us-central1-api: 3 --> 2"}}
[info] i  functions: Loaded environment variables from .env. 
[debug] [2024-07-23T07:44:11.455Z] [worker-pool] addWorker(us-central1-api) {"metadata":{"emulator":{"name":"functions"},"message":"[worker-pool] addWorker(us-central1-api)"}}
[debug] [2024-07-23T07:44:11.455Z] [worker-pool] Adding worker with key us-central1-api, total=3 {"metadata":{"emulator":{"name":"functions"},"message":"[worker-pool] Adding worker with key us-central1-api, total=3"}}
[debug] [2024-07-23T07:44:13.077Z] [runtime-status] [10336] Resolved module firebase-admin {"declared":true,"installed":true,"version":"12.2.0","resolution":"C:\\Users\\Haile\\Desktop\\Evangadi\\Phase-4\\Project-2 amazon\\-Building-Amazon-Clone-2024-\\amazon-clone-2024\\functions\\node_modules\\firebase-admin\\lib\\index.js"} {"metadata":{"emulator":{"name":"functions"},"function":{"name":"us-central1-api"},"extension":{},"message":"[runtime-status] [10336] Resolved module firebase-admin {\"declared\":true,\"installed\":true,\"version\":\"12.2.0\",\"resolution\":\"C:\\\\Users\\\\Haile\\\\Desktop\\\\Evangadi\\\\Phase-4\\\\Project-2 amazon\\\\-Building-Amazon-Clone-2024-\\\\amazon-clone-2024\\\\functions\\\\node_modules\\\\firebase-admin\\\\lib\\\\index.js\"}"}}
[debug] [2024-07-23T07:44:13.079Z] [runtime-status] [10336] Resolved module firebase-functions {"declared":true,"installed":true,"version":"5.0.1","resolution":"C:\\Users\\Haile\\Desktop\\Evangadi\\Phase-4\\Project-2 amazon\\-Building-Amazon-Clone-2024-\\amazon-clone-2024\\functions\\node_modules\\firebase-functions\\lib\\v1\\index.js"} {"metadata":{"emulator":{"name":"functions"},"function":{"name":"us-central1-api"},"extension":{},"message":"[runtime-status] [10336] Resolved module firebase-functions {\"declared\":true,\"installed\":true,\"version\":\"5.0.1\",\"resolution\":\"C:\\\\Users\\\\Haile\\\\Desktop\\\\Evangadi\\\\Phase-4\\\\Project-2 amazon\\\\-Building-Amazon-Clone-2024-\\\\amazon-clone-2024\\\\functions\\\\node_modules\\\\firebase-functions\\\\lib\\\\v1\\\\index.js\"}"}}
[debug] [2024-07-23T07:44:13.080Z] [runtime-status] [10336] Outgoing network have been stubbed. [{"name":"http","status":"mocked"},{"name":"http","status":"mocked"},{"name":"https","status":"mocked"},{"name":"https","status":"mocked"},{"name":"net","status":"mocked"}] {"metadata":{"emulator":{"name":"functions"},"function":{"name":"us-central1-api"},"extension":{},"message":"[runtime-status] [10336] Outgoing network have been stubbed. [{\"name\":\"http\",\"status\":\"mocked\"},{\"name\":\"http\",\"status\":\"mocked\"},{\"name\":\"https\",\"status\":\"mocked\"},{\"name\":\"https\",\"status\":\"mocked\"},{\"name\":\"net\",\"status\":\"mocked\"}]"}}
[debug] [2024-07-23T07:44:13.082Z] [runtime-status] [10336] Resolved module firebase-functions {"declared":true,"installed":true,"version":"5.0.1","resolution":"C:\\Users\\Haile\\Desktop\\Evangadi\\Phase-4\\Project-2 amazon\\-Building-Amazon-Clone-2024-\\amazon-clone-2024\\functions\\node_modules\\firebase-functions\\lib\\v1\\index.js"} {"metadata":{"emulator":{"name":"functions"},"function":{"name":"us-central1-api"},"extension":{},"message":"[runtime-status] [10336] Resolved module firebase-functions {\"declared\":true,\"installed\":true,\"version\":\"5.0.1\",\"resolution\":\"C:\\\\Users\\\\Haile\\\\Desktop\\\\Evangadi\\\\Phase-4\\\\Project-2 amazon\\\\-Building-Amazon-Clone-2024-\\\\amazon-clone-2024\\\\functions\\\\node_modules\\\\firebase-functions\\\\lib\\\\v1\\\\index.js\"}"}}
[debug] [2024-07-23T07:44:13.372Z] [runtime-status] [10336] Checked functions.config() {"config":{}} {"metadata":{"emulator":{"name":"functions"},"function":{"name":"us-central1-api"},"extension":{},"message":"[runtime-status] [10336] Checked functions.config() {\"config\":{}}"}}
[debug] [2024-07-23T07:44:13.373Z] [runtime-status] [10336] firebase-functions has been stubbed. {"functionsResolution":{"declared":true,"installed":true,"version":"5.0.1","resolution":"C:\\Users\\Haile\\Desktop\\Evangadi\\Phase-4\\Project-2 amazon\\-Building-Amazon-Clone-2024-\\amazon-clone-2024\\functions\\node_modules\\firebase-functions\\lib\\v1\\index.js"}} {"metadata":{"emulator":{"name":"functions"},"function":{"name":"us-central1-api"},"extension":{},"message":"[runtime-status] [10336] firebase-functions has been stubbed. {\"functionsResolution\":{\"declared\":true,\"installed\":true,\"version\":\"5.0.1\",\"resolution\":\"C:\\\\Users\\\\Haile\\\\Desktop\\\\Evangadi\\\\Phase-4\\\\Project-2 amazon\\\\-Building-Amazon-Clone-2024-\\\\amazon-clone-2024\\\\functions\\\\node_modules\\\\firebase-functions\\\\lib\\\\v1\\\\index.js\"}}"}}
[debug] [2024-07-23T07:44:13.373Z] [runtime-status] [10336] Resolved module firebase-functions {"declared":true,"installed":true,"version":"5.0.1","resolution":"C:\\Users\\Haile\\Desktop\\Evangadi\\Phase-4\\Project-2 amazon\\-Building-Amazon-Clone-2024-\\amazon-clone-2024\\functions\\node_modules\\firebase-functions\\lib\\v1\\index.js"} {"metadata":{"emulator":{"name":"functions"},"function":{"name":"us-central1-api"},"extension":{},"message":"[runtime-status] [10336] Resolved module firebase-functions {\"declared\":true,\"installed\":true,\"version\":\"5.0.1\",\"resolution\":\"C:\\\\Users\\\\Haile\\\\Desktop\\\\Evangadi\\\\Phase-4\\\\Project-2 amazon\\\\-Building-Amazon-Clone-2024-\\\\amazon-clone-2024\\\\functions\\\\node_modules\\\\firebase-functions\\\\lib\\\\v1\\\\index.js\"}"}}
[debug] [2024-07-23T07:44:13.375Z] [runtime-status] [10336] Resolved module firebase-admin {"declared":true,"installed":true,"version":"12.2.0","resolution":"C:\\Users\\Haile\\Desktop\\Evangadi\\Phase-4\\Project-2 amazon\\-Building-Amazon-Clone-2024-\\amazon-clone-2024\\functions\\node_modules\\firebase-admin\\lib\\index.js"} {"metadata":{"emulator":{"name":"functions"},"function":{"name":"us-central1-api"},"extension":{},"message":"[runtime-status] [10336] Resolved module firebase-admin {\"declared\":true,\"installed\":true,\"version\":\"12.2.0\",\"resolution\":\"C:\\\\Users\\\\Haile\\\\Desktop\\\\Evangadi\\\\Phase-4\\\\Project-2 amazon\\\\-Building-Amazon-Clone-2024-\\\\amazon-clone-2024\\\\functions\\\\node_modules\\\\firebase-admin\\\\lib\\\\index.js\"}"}}
[debug] [2024-07-23T07:44:13.377Z] [runtime-status] [10336] Resolved module firebase-functions {"declared":true,"installed":true,"version":"5.0.1","resolution":"C:\\Users\\Haile\\Desktop\\Evangadi\\Phase-4\\Project-2 amazon\\-Building-Amazon-Clone-2024-\\amazon-clone-2024\\functions\\node_modules\\firebase-functions\\lib\\v1\\index.js"} {"metadata":{"emulator":{"name":"functions"},"function":{"name":"us-central1-api"},"extension":{},"message":"[runtime-status] [10336] Resolved module firebase-functions {\"declared\":true,\"installed\":true,\"version\":\"5.0.1\",\"resolution\":\"C:\\\\Users\\\\Haile\\\\Desktop\\\\Evangadi\\\\Phase-4\\\\Project-2 amazon\\\\-Building-Amazon-Clone-2024-\\\\amazon-clone-2024\\\\functions\\\\node_modules\\\\firebase-functions\\\\lib\\\\v1\\\\index.js\"}"}}
[debug] [2024-07-23T07:44:13.378Z] [runtime-status] [10336] firebase-admin has been stubbed. {"adminResolution":{"declared":true,"installed":true,"version":"12.2.0","resolution":"C:\\Users\\Haile\\Desktop\\Evangadi\\Phase-4\\Project-2 amazon\\-Building-Amazon-Clone-2024-\\amazon-clone-2024\\functions\\node_modules\\firebase-admin\\lib\\index.js"}} {"metadata":{"emulator":{"name":"functions"},"function":{"name":"us-central1-api"},"extension":{},"message":"[runtime-status] [10336] firebase-admin has been stubbed. {\"adminResolution\":{\"declared\":true,\"installed\":true,\"version\":\"12.2.0\",\"resolution\":\"C:\\\\Users\\\\Haile\\\\Desktop\\\\Evangadi\\\\Phase-4\\\\Project-2 amazon\\\\-Building-Amazon-Clone-2024-\\\\amazon-clone-2024\\\\functions\\\\node_modules\\\\firebase-admin\\\\lib\\\\index.js\"}}"}}
[debug] [2024-07-23T07:44:13.586Z] [runtime-status] [10336] Functions runtime initialized. {"cwd":"C:\\Users\\Haile\\Desktop\\Evangadi\\Phase-4\\Project-2 amazon\\-Building-Amazon-Clone-2024-\\amazon-clone-2024\\functions","node_version":"20.14.0"} {"metadata":{"emulator":{"name":"functions"},"function":{"name":"us-central1-api"},"extension":{},"message":"[runtime-status] [10336] Functions runtime initialized. {\"cwd\":\"C:\\\\Users\\\\Haile\\\\Desktop\\\\Evangadi\\\\Phase-4\\\\Project-2 amazon\\\\-Building-Amazon-Clone-2024-\\\\amazon-clone-2024\\\\functions\",\"node_version\":\"20.14.0\"}"}}
[debug] [2024-07-23T07:44:13.586Z] [runtime-status] [10336] Listening to port: \\?\pipe\fire_emu_4ffeca4966532a9e {"metadata":{"emulator":{"name":"functions"},"function":{"name":"us-central1-api"},"extension":{},"message":"[runtime-status] [10336] Listening to port: \\\\?\\pipe\\fire_emu_4ffeca4966532a9e"}}
[debug] [2024-07-23T07:44:13.657Z] [worker-us-central1-api-352dc515-9d11-4d5c-8031-5e4f19674907]: IDLE {"metadata":{"emulator":{"name":"functions"},"function":{"name":"us-central1-api"},"extension":{},"message":"[worker-us-central1-api-352dc515-9d11-4d5c-8031-5e4f19674907]: IDLE"}}
[debug] [2024-07-23T07:44:13.658Z] [worker-pool] submitRequest(triggerId=us-central1-api) {"metadata":{"emulator":{"name":"functions"},"message":"[worker-pool] submitRequest(triggerId=us-central1-api)"}}
[info] i  functions: Beginning execution of "us-central1-api" {"metadata":{"emulator":{"name":"functions"},"function":{"name":"us-central1-api"},"extension":{},"message":"Beginning execution of \"us-central1-api\""}}
[debug] [2024-07-23T07:44:13.658Z] [worker-us-central1-api-352dc515-9d11-4d5c-8031-5e4f19674907]: BUSY {"metadata":{"emulator":{"name":"functions"},"function":{"name":"us-central1-api"},"extension":{},"message":"[worker-us-central1-api-352dc515-9d11-4d5c-8031-5e4f19674907]: BUSY"}}
[debug] [2024-07-23T07:44:15.894Z] Finishing up request with event=pause {"metadata":{"emulator":{"name":"functions"},"function":{"name":"us-central1-api"},"extension":{},"message":"Finishing up request with event=pause"}}
[info] i  functions: Finished "us-central1-api" in 2236.5182ms {"metadata":{"emulator":{"name":"functions"},"function":{"name":"us-central1-api"},"extension":{},"message":"Finished \"us-central1-api\" in 2236.5182ms"}}
[debug] [2024-07-23T07:44:15.899Z] [worker-us-central1-api-352dc515-9d11-4d5c-8031-5e4f19674907]: IDLE {"metadata":{"emulator":{"name":"functions"},"function":{"name":"us-central1-api"},"extension":{},"message":"[worker-us-central1-api-352dc515-9d11-4d5c-8031-5e4f19674907]: IDLE"}}
[debug] [2024-07-23T07:44:15.900Z] Finishing up request with event=finish {"metadata":{"emulator":{"name":"functions"},"function":{"name":"us-central1-api"},"extension":{},"message":"Finishing up request with event=finish"}}
[debug] [2024-07-23T07:44:15.900Z] Finishing up request with event=close {"metadata":{"emulator":{"name":"functions"},"function":{"name":"us-central1-api"},"extension":{},"message":"Finishing up request with event=close"}}
[debug] [2024-07-23T07:44:15.901Z] [work-queue] {"queuedWork":[],"queueLength":0,"runningWork":[],"workRunningCount":0}
[debug] [2024-07-23T07:54:37.448Z] [work-queue] {"queuedWork":["/project-2-ddd77/us-central1/api/payment/create-2024-07-23T07:54:37.448Z"],"queueLength":1,"runningWork":[],"workRunningCount":0}
[debug] [2024-07-23T07:54:37.449Z] [work-queue] {"queuedWork":[],"queueLength":0,"runningWork":["/project-2-ddd77/us-central1/api/payment/create-2024-07-23T07:54:37.448Z"],"workRunningCount":1}
[debug] [2024-07-23T07:54:37.449Z] Accepted request POST /project-2-ddd77/us-central1/api/payment/create?total=18824 --> us-central1-api
[debug] [2024-07-23T07:54:37.514Z] [functions] Runtime ready! Sending request! {"metadata":{"emulator":{"name":"functions"},"message":"[functions] Runtime ready! Sending request!"}}
[debug] [2024-07-23T07:54:37.515Z] [functions] Got req.url=/project-2-ddd77/us-central1/api/payment/create?total=18824, mapping to path=/payment/create?total=18824 {"metadata":{"emulator":{"name":"functions"},"message":"[functions] Got req.url=/project-2-ddd77/us-central1/api/payment/create?total=18824, mapping to path=/payment/create?total=18824"}}
[debug] [2024-07-23T07:54:37.515Z] [worker-pool] submitRequest(triggerId=us-central1-api) {"metadata":{"emulator":{"name":"functions"},"message":"[worker-pool] submitRequest(triggerId=us-central1-api)"}}
[info] i  functions: Beginning execution of "us-central1-api" {"metadata":{"emulator":{"name":"functions"},"function":{"name":"us-central1-api"},"extension":{},"message":"Beginning execution of \"us-central1-api\""}}
[debug] [2024-07-23T07:54:37.521Z] [worker-us-central1-api-352dc515-9d11-4d5c-8031-5e4f19674907]: BUSY {"metadata":{"emulator":{"name":"functions"},"function":{"name":"us-central1-api"},"extension":{},"message":"[worker-us-central1-api-352dc515-9d11-4d5c-8031-5e4f19674907]: BUSY"}}
[debug] [2024-07-23T07:54:39.304Z] Finishing up request with event=pause {"metadata":{"emulator":{"name":"functions"},"function":{"name":"us-central1-api"},"extension":{},"message":"Finishing up request with event=pause"}}
[info] i  functions: Finished "us-central1-api" in 1784.7732ms {"metadata":{"emulator":{"name":"functions"},"function":{"name":"us-central1-api"},"extension":{},"message":"Finished \"us-central1-api\" in 1784.7732ms"}}
[debug] [2024-07-23T07:54:39.309Z] [worker-us-central1-api-352dc515-9d11-4d5c-8031-5e4f19674907]: IDLE {"metadata":{"emulator":{"name":"functions"},"function":{"name":"us-central1-api"},"extension":{},"message":"[worker-us-central1-api-352dc515-9d11-4d5c-8031-5e4f19674907]: IDLE"}}
[debug] [2024-07-23T07:54:39.310Z] Finishing up request with event=finish {"metadata":{"emulator":{"name":"functions"},"function":{"name":"us-central1-api"},"extension":{},"message":"Finishing up request with event=finish"}}
[debug] [2024-07-23T07:54:39.311Z] Finishing up request with event=close {"metadata":{"emulator":{"name":"functions"},"function":{"name":"us-central1-api"},"extension":{},"message":"Finishing up request with event=close"}}
[debug] [2024-07-23T07:54:39.312Z] [work-queue] {"queuedWork":[],"queueLength":0,"runningWork":[],"workRunningCount":0}
[debug] [2024-07-23T08:53:34.573Z] [work-queue] {"queuedWork":["/project-2-ddd77/us-central1/api/payment/create-2024-07-23T08:53:34.573Z"],"queueLength":1,"runningWork":[],"workRunningCount":0}
[debug] [2024-07-23T08:53:34.573Z] [work-queue] {"queuedWork":[],"queueLength":0,"runningWork":["/project-2-ddd77/us-central1/api/payment/create-2024-07-23T08:53:34.573Z"],"workRunningCount":1}
[debug] [2024-07-23T08:53:34.573Z] Accepted request POST /project-2-ddd77/us-central1/api/payment/create?total=126121 --> us-central1-api
[debug] [2024-07-23T08:53:34.658Z] [functions] Runtime ready! Sending request! {"metadata":{"emulator":{"name":"functions"},"message":"[functions] Runtime ready! Sending request!"}}
[debug] [2024-07-23T08:53:34.659Z] [functions] Got req.url=/project-2-ddd77/us-central1/api/payment/create?total=126121, mapping to path=/payment/create?total=126121 {"metadata":{"emulator":{"name":"functions"},"message":"[functions] Got req.url=/project-2-ddd77/us-central1/api/payment/create?total=126121, mapping to path=/payment/create?total=126121"}}
[debug] [2024-07-23T08:53:34.659Z] [worker-pool] submitRequest(triggerId=us-central1-api) {"metadata":{"emulator":{"name":"functions"},"message":"[worker-pool] submitRequest(triggerId=us-central1-api)"}}
[info] i  functions: Beginning execution of "us-central1-api" {"metadata":{"emulator":{"name":"functions"},"function":{"name":"us-central1-api"},"extension":{},"message":"Beginning execution of \"us-central1-api\""}}
[debug] [2024-07-23T08:53:34.660Z] [worker-us-central1-api-352dc515-9d11-4d5c-8031-5e4f19674907]: BUSY {"metadata":{"emulator":{"name":"functions"},"function":{"name":"us-central1-api"},"extension":{},"message":"[worker-us-central1-api-352dc515-9d11-4d5c-8031-5e4f19674907]: BUSY"}}
[debug] [2024-07-23T08:53:36.547Z] Finishing up request with event=pause {"metadata":{"emulator":{"name":"functions"},"function":{"name":"us-central1-api"},"extension":{},"message":"Finishing up request with event=pause"}}
[info] i  functions: Finished "us-central1-api" in 1887.7831999999999ms {"metadata":{"emulator":{"name":"functions"},"function":{"name":"us-central1-api"},"extension":{},"message":"Finished \"us-central1-api\" in 1887.7831999999999ms"}}
[debug] [2024-07-23T08:53:36.549Z] [worker-us-central1-api-352dc515-9d11-4d5c-8031-5e4f19674907]: IDLE {"metadata":{"emulator":{"name":"functions"},"function":{"name":"us-central1-api"},"extension":{},"message":"[worker-us-central1-api-352dc515-9d11-4d5c-8031-5e4f19674907]: IDLE"}}
[debug] [2024-07-23T08:53:36.550Z] Finishing up request with event=finish {"metadata":{"emulator":{"name":"functions"},"function":{"name":"us-central1-api"},"extension":{},"message":"Finishing up request with event=finish"}}
[debug] [2024-07-23T08:53:36.550Z] Finishing up request with event=close {"metadata":{"emulator":{"name":"functions"},"function":{"name":"us-central1-api"},"extension":{},"message":"Finishing up request with event=close"}}
[debug] [2024-07-23T08:53:36.551Z] [work-queue] {"queuedWork":[],"queueLength":0,"runningWork":[],"workRunningCount":0}
